ERROR - 2024-11-20 14:00:23 --> Error connecting to the database: mysqli_sql_exception: No connection could be made because the target machine actively refused it in C:\Users\faris dzulfiqar\Documents\UTS_BengkelKoding_A11.2021.13554\system\Database\MySQLi\Connection.php:186
Stack trace:
#0 C:\Users\faris dzulfiqar\Documents\UTS_BengkelKoding_A11.2021.13554\system\Database\MySQLi\Connection.php(186): mysqli->real_connect('localhost', 'root', Object(SensitiveParameterValue), 'poliklinik', 3306, '', 0)
#1 C:\Users\faris dzulfiqar\Documents\UTS_BengkelKoding_A11.2021.13554\system\Database\BaseConnection.php(421): CodeIgniter\Database\MySQLi\Connection->connect(false)
#2 C:\Users\faris dzulfiqar\Documents\UTS_BengkelKoding_A11.2021.13554\system\Database\BaseConnection.php(616): CodeIgniter\Database\BaseConnection->initialize()
#3 C:\Users\faris dzulfiqar\Documents\UTS_BengkelKoding_A11.2021.13554\system\Database\BaseBuilder.php(1644): CodeIgniter\Database\BaseConnection->query('SELECT *\nFROM `...', Array, false)
#4 C:\Users\faris dzulfiqar\Documents\UTS_BengkelKoding_A11.2021.13554\system\Model.php(286): CodeIgniter\Database\BaseBuilder->get()
#5 C:\Users\faris dzulfiqar\Documents\UTS_BengkelKoding_A11.2021.13554\system\BaseModel.php(676): CodeIgniter\Model->doFindAll(0, 0)
#6 C:\Users\faris dzulfiqar\Documents\UTS_BengkelKoding_A11.2021.13554\app\Controllers\PeriksaController.php(19): CodeIgniter\BaseModel->findAll()
#7 C:\Users\faris dzulfiqar\Documents\UTS_BengkelKoding_A11.2021.13554\system\CodeIgniter.php(933): App\Controllers\PeriksaController->index()
#8 C:\Users\faris dzulfiqar\Documents\UTS_BengkelKoding_A11.2021.13554\system\CodeIgniter.php(509): CodeIgniter\CodeIgniter->runController(Object(App\Controllers\PeriksaController))
#9 C:\Users\faris dzulfiqar\Documents\UTS_BengkelKoding_A11.2021.13554\system\CodeIgniter.php(355): CodeIgniter\CodeIgniter->handleRequest(NULL, Object(Config\Cache), false)
#10 C:\Users\faris dzulfiqar\Documents\UTS_BengkelKoding_A11.2021.13554\system\Boot.php(325): CodeIgniter\CodeIgniter->run()
#11 C:\Users\faris dzulfiqar\Documents\UTS_BengkelKoding_A11.2021.13554\system\Boot.php(67): CodeIgniter\Boot::runCodeIgniter(Object(CodeIgniter\CodeIgniter))
#12 C:\Users\faris dzulfiqar\Documents\UTS_BengkelKoding_A11.2021.13554\public\index.php(56): CodeIgniter\Boot::bootWeb(Object(Config\Paths))
#13 C:\Users\faris dzulfiqar\Documents\UTS_BengkelKoding_A11.2021.13554\system\rewrite.php(44): require_once('C:\\Users\\faris ...')
#14 {main}

Next CodeIgniter\Database\Exceptions\DatabaseException: No connection could be made because the target machine actively refused it in C:\Users\faris dzulfiqar\Documents\UTS_BengkelKoding_A11.2021.13554\system\Database\MySQLi\Connection.php:231
Stack trace:
#0 C:\Users\faris dzulfiqar\Documents\UTS_BengkelKoding_A11.2021.13554\system\Database\BaseConnection.php(421): CodeIgniter\Database\MySQLi\Connection->connect(false)
#1 C:\Users\faris dzulfiqar\Documents\UTS_BengkelKoding_A11.2021.13554\system\Database\BaseConnection.php(616): CodeIgniter\Database\BaseConnection->initialize()
#2 C:\Users\faris dzulfiqar\Documents\UTS_BengkelKoding_A11.2021.13554\system\Database\BaseBuilder.php(1644): CodeIgniter\Database\BaseConnection->query('SELECT *\nFROM `...', Array, false)
#3 C:\Users\faris dzulfiqar\Documents\UTS_BengkelKoding_A11.2021.13554\system\Model.php(286): CodeIgniter\Database\BaseBuilder->get()
#4 C:\Users\faris dzulfiqar\Documents\UTS_BengkelKoding_A11.2021.13554\system\BaseModel.php(676): CodeIgniter\Model->doFindAll(0, 0)
#5 C:\Users\faris dzulfiqar\Documents\UTS_BengkelKoding_A11.2021.13554\app\Controllers\PeriksaController.php(19): CodeIgniter\BaseModel->findAll()
#6 C:\Users\faris dzulfiqar\Documents\UTS_BengkelKoding_A11.2021.13554\system\CodeIgniter.php(933): App\Controllers\PeriksaController->index()
#7 C:\Users\faris dzulfiqar\Documents\UTS_BengkelKoding_A11.2021.13554\system\CodeIgniter.php(509): CodeIgniter\CodeIgniter->runController(Object(App\Controllers\PeriksaController))
#8 C:\Users\faris dzulfiqar\Documents\UTS_BengkelKoding_A11.2021.13554\system\CodeIgniter.php(355): CodeIgniter\CodeIgniter->handleRequest(NULL, Object(Config\Cache), false)
#9 C:\Users\faris dzulfiqar\Documents\UTS_BengkelKoding_A11.2021.13554\system\Boot.php(325): CodeIgniter\CodeIgniter->run()
#10 C:\Users\faris dzulfiqar\Documents\UTS_BengkelKoding_A11.2021.13554\system\Boot.php(67): CodeIgniter\Boot::runCodeIgniter(Object(CodeIgniter\CodeIgniter))
#11 C:\Users\faris dzulfiqar\Documents\UTS_BengkelKoding_A11.2021.13554\public\index.php(56): CodeIgniter\Boot::bootWeb(Object(Config\Paths))
#12 C:\Users\faris dzulfiqar\Documents\UTS_BengkelKoding_A11.2021.13554\system\rewrite.php(44): require_once('C:\\Users\\faris ...')
#13 {main}
CRITICAL - 2024-11-20 14:00:23 --> CodeIgniter\Database\Exceptions\DatabaseException: Unable to connect to the database.
Main connection [MySQLi]: No connection could be made because the target machine actively refused it
[Method: GET, Route: periksa]
in SYSTEMPATH\Database\BaseConnection.php on line 467.
 1 SYSTEMPATH\Database\BaseConnection.php(616): CodeIgniter\Database\BaseConnection->initialize()
 2 SYSTEMPATH\Database\BaseBuilder.php(1644): CodeIgniter\Database\BaseConnection->query('SELECT *
FROM `pasien`', [], false)
 3 SYSTEMPATH\Model.php(286): CodeIgniter\Database\BaseBuilder->get()
 4 SYSTEMPATH\BaseModel.php(676): CodeIgniter\Model->doFindAll(0, 0)
 5 APPPATH\Controllers\PeriksaController.php(19): CodeIgniter\BaseModel->findAll()
 6 SYSTEMPATH\CodeIgniter.php(933): App\Controllers\PeriksaController->index()
 7 SYSTEMPATH\CodeIgniter.php(509): CodeIgniter\CodeIgniter->runController(Object(App\Controllers\PeriksaController))
 8 SYSTEMPATH\CodeIgniter.php(355): CodeIgniter\CodeIgniter->handleRequest(null, Object(Config\Cache), false)
 9 SYSTEMPATH\Boot.php(325): CodeIgniter\CodeIgniter->run()
10 SYSTEMPATH\Boot.php(67): CodeIgniter\Boot::runCodeIgniter(Object(CodeIgniter\CodeIgniter))
11 FCPATH\index.php(56): CodeIgniter\Boot::bootWeb(Object(Config\Paths))
12 SYSTEMPATH\rewrite.php(44): require_once('C:\\Users\\faris dzulfiqar\\Documents\\UTS_BengkelKoding_A11.2021.13554\\public\\index.php')
ERROR - 2024-11-20 14:00:54 --> mysqli_sql_exception: Column 'Pasien' cannot be null in C:\Users\faris dzulfiqar\Documents\UTS_BengkelKoding_A11.2021.13554\system\Database\MySQLi\Connection.php:312
Stack trace:
#0 C:\Users\faris dzulfiqar\Documents\UTS_BengkelKoding_A11.2021.13554\system\Database\MySQLi\Connection.php(312): mysqli->query('INSERT INTO `pe...', 0)
#1 C:\Users\faris dzulfiqar\Documents\UTS_BengkelKoding_A11.2021.13554\system\Database\BaseConnection.php(734): CodeIgniter\Database\MySQLi\Connection->execute('INSERT INTO `pe...')
#2 C:\Users\faris dzulfiqar\Documents\UTS_BengkelKoding_A11.2021.13554\system\Database\BaseConnection.php(648): CodeIgniter\Database\BaseConnection->simpleQuery('INSERT INTO `pe...')
#3 C:\Users\faris dzulfiqar\Documents\UTS_BengkelKoding_A11.2021.13554\system\Database\BaseBuilder.php(2340): CodeIgniter\Database\BaseConnection->query('INSERT INTO `pe...', Array, false)
#4 C:\Users\faris dzulfiqar\Documents\UTS_BengkelKoding_A11.2021.13554\app\Controllers\PeriksaController.php(78): CodeIgniter\Database\BaseBuilder->insert(Array)
#5 C:\Users\faris dzulfiqar\Documents\UTS_BengkelKoding_A11.2021.13554\system\CodeIgniter.php(933): App\Controllers\PeriksaController->savePeriksa()
#6 C:\Users\faris dzulfiqar\Documents\UTS_BengkelKoding_A11.2021.13554\system\CodeIgniter.php(509): CodeIgniter\CodeIgniter->runController(Object(App\Controllers\PeriksaController))
#7 C:\Users\faris dzulfiqar\Documents\UTS_BengkelKoding_A11.2021.13554\system\CodeIgniter.php(355): CodeIgniter\CodeIgniter->handleRequest(NULL, Object(Config\Cache), false)
#8 C:\Users\faris dzulfiqar\Documents\UTS_BengkelKoding_A11.2021.13554\system\Boot.php(325): CodeIgniter\CodeIgniter->run()
#9 C:\Users\faris dzulfiqar\Documents\UTS_BengkelKoding_A11.2021.13554\system\Boot.php(67): CodeIgniter\Boot::runCodeIgniter(Object(CodeIgniter\CodeIgniter))
#10 C:\Users\faris dzulfiqar\Documents\UTS_BengkelKoding_A11.2021.13554\public\index.php(56): CodeIgniter\Boot::bootWeb(Object(Config\Paths))
#11 C:\Users\faris dzulfiqar\Documents\UTS_BengkelKoding_A11.2021.13554\system\rewrite.php(44): require_once('C:\\Users\\faris ...')
#12 {main}
CRITICAL - 2024-11-20 14:00:54 --> CodeIgniter\Database\Exceptions\DatabaseException: Column 'Pasien' cannot be null
[Method: POST, Route: periksa/save]
in SYSTEMPATH\Database\BaseConnection.php on line 688.
 1 SYSTEMPATH\Database\BaseBuilder.php(2340): CodeIgniter\Database\BaseConnection->query('INSERT INTO `periksa` (`pasien`, `dokter`, `tgl_periksa`, `catatan`) VALUES (:pasien:, :dokter:, :tgl_periksa:, :catatan:)', [...], false)
 2 APPPATH\Controllers\PeriksaController.php(78): CodeIgniter\Database\BaseBuilder->insert([...])
 3 SYSTEMPATH\CodeIgniter.php(933): App\Controllers\PeriksaController->savePeriksa()
 4 SYSTEMPATH\CodeIgniter.php(509): CodeIgniter\CodeIgniter->runController(Object(App\Controllers\PeriksaController))
 5 SYSTEMPATH\CodeIgniter.php(355): CodeIgniter\CodeIgniter->handleRequest(null, Object(Config\Cache), false)
 6 SYSTEMPATH\Boot.php(325): CodeIgniter\CodeIgniter->run()
 7 SYSTEMPATH\Boot.php(67): CodeIgniter\Boot::runCodeIgniter(Object(CodeIgniter\CodeIgniter))
 8 FCPATH\index.php(56): CodeIgniter\Boot::bootWeb(Object(Config\Paths))
 9 SYSTEMPATH\rewrite.php(44): require_once('C:\\Users\\faris dzulfiqar\\Documents\\UTS_BengkelKoding_A11.2021.13554\\public\\index.php')
CRITICAL - 2024-11-20 14:00:54 --> [Caused by] CodeIgniter\Database\Exceptions\DatabaseException: Column 'Pasien' cannot be null
in SYSTEMPATH\Database\MySQLi\Connection.php on line 317.
 1 SYSTEMPATH\Database\BaseConnection.php(734): CodeIgniter\Database\MySQLi\Connection->execute('INSERT INTO `periksa` (`pasien`, `dokter`, `tgl_periksa`, `catatan`) VALUES (NULL, NULL, NULL, \'sakit pusing\')')
 2 SYSTEMPATH\Database\BaseConnection.php(648): CodeIgniter\Database\BaseConnection->simpleQuery('INSERT INTO `periksa` (`pasien`, `dokter`, `tgl_periksa`, `catatan`) VALUES (NULL, NULL, NULL, \'sakit pusing\')')
 3 SYSTEMPATH\Database\BaseBuilder.php(2340): CodeIgniter\Database\BaseConnection->query('INSERT INTO `periksa` (`pasien`, `dokter`, `tgl_periksa`, `catatan`) VALUES (:pasien:, :dokter:, :tgl_periksa:, :catatan:)', [...], false)
 4 APPPATH\Controllers\PeriksaController.php(78): CodeIgniter\Database\BaseBuilder->insert([...])
 5 SYSTEMPATH\CodeIgniter.php(933): App\Controllers\PeriksaController->savePeriksa()
 6 SYSTEMPATH\CodeIgniter.php(509): CodeIgniter\CodeIgniter->runController(Object(App\Controllers\PeriksaController))
 7 SYSTEMPATH\CodeIgniter.php(355): CodeIgniter\CodeIgniter->handleRequest(null, Object(Config\Cache), false)
 8 SYSTEMPATH\Boot.php(325): CodeIgniter\CodeIgniter->run()
 9 SYSTEMPATH\Boot.php(67): CodeIgniter\Boot::runCodeIgniter(Object(CodeIgniter\CodeIgniter))
10 FCPATH\index.php(56): CodeIgniter\Boot::bootWeb(Object(Config\Paths))
11 SYSTEMPATH\rewrite.php(44): require_once('C:\\Users\\faris dzulfiqar\\Documents\\UTS_BengkelKoding_A11.2021.13554\\public\\index.php')
CRITICAL - 2024-11-20 14:00:54 --> [Caused by] mysqli_sql_exception: Column 'Pasien' cannot be null
in SYSTEMPATH\Database\MySQLi\Connection.php on line 312.
 1 SYSTEMPATH\Database\MySQLi\Connection.php(312): mysqli->query('INSERT INTO `periksa` (`pasien`, `dokter`, `tgl_periksa`, `catatan`) VALUES (NULL, NULL, NULL, \'sakit pusing\')', 0)
 2 SYSTEMPATH\Database\BaseConnection.php(734): CodeIgniter\Database\MySQLi\Connection->execute('INSERT INTO `periksa` (`pasien`, `dokter`, `tgl_periksa`, `catatan`) VALUES (NULL, NULL, NULL, \'sakit pusing\')')
 3 SYSTEMPATH\Database\BaseConnection.php(648): CodeIgniter\Database\BaseConnection->simpleQuery('INSERT INTO `periksa` (`pasien`, `dokter`, `tgl_periksa`, `catatan`) VALUES (NULL, NULL, NULL, \'sakit pusing\')')
 4 SYSTEMPATH\Database\BaseBuilder.php(2340): CodeIgniter\Database\BaseConnection->query('INSERT INTO `periksa` (`pasien`, `dokter`, `tgl_periksa`, `catatan`) VALUES (:pasien:, :dokter:, :tgl_periksa:, :catatan:)', [...], false)
 5 APPPATH\Controllers\PeriksaController.php(78): CodeIgniter\Database\BaseBuilder->insert([...])
 6 SYSTEMPATH\CodeIgniter.php(933): App\Controllers\PeriksaController->savePeriksa()
 7 SYSTEMPATH\CodeIgniter.php(509): CodeIgniter\CodeIgniter->runController(Object(App\Controllers\PeriksaController))
 8 SYSTEMPATH\CodeIgniter.php(355): CodeIgniter\CodeIgniter->handleRequest(null, Object(Config\Cache), false)
 9 SYSTEMPATH\Boot.php(325): CodeIgniter\CodeIgniter->run()
10 SYSTEMPATH\Boot.php(67): CodeIgniter\Boot::runCodeIgniter(Object(CodeIgniter\CodeIgniter))
11 FCPATH\index.php(56): CodeIgniter\Boot::bootWeb(Object(Config\Paths))
12 SYSTEMPATH\rewrite.php(44): require_once('C:\\Users\\faris dzulfiqar\\Documents\\UTS_BengkelKoding_A11.2021.13554\\public\\index.php')
INFO - 2024-11-20 14:01:18 --> Session: Class initialized using 'CodeIgniter\Session\Handlers\FileHandler' driver.
INFO - 2024-11-20 14:20:15 --> Session: Class initialized using 'CodeIgniter\Session\Handlers\FileHandler' driver.
INFO - 2024-11-20 14:20:17 --> Session: Class initialized using 'CodeIgniter\Session\Handlers\FileHandler' driver.
INFO - 2024-11-20 14:21:26 --> Session: Class initialized using 'CodeIgniter\Session\Handlers\FileHandler' driver.
INFO - 2024-11-20 14:21:30 --> Session: Class initialized using 'CodeIgniter\Session\Handlers\FileHandler' driver.
INFO - 2024-11-20 14:21:31 --> Session: Class initialized using 'CodeIgniter\Session\Handlers\FileHandler' driver.
INFO - 2024-11-20 15:06:42 --> Session: Class initialized using 'CodeIgniter\Session\Handlers\FileHandler' driver.
INFO - 2024-11-20 15:06:42 --> Session: Class initialized using 'CodeIgniter\Session\Handlers\FileHandler' driver.
ERROR - 2024-11-20 15:06:56 --> mysqli_sql_exception: Column 'Dokter' cannot be null in C:\Users\faris dzulfiqar\Documents\UTS_BengkelKoding_A11.2021.13554\system\Database\MySQLi\Connection.php:312
Stack trace:
#0 C:\Users\faris dzulfiqar\Documents\UTS_BengkelKoding_A11.2021.13554\system\Database\MySQLi\Connection.php(312): mysqli->query('INSERT INTO `pe...', 0)
#1 C:\Users\faris dzulfiqar\Documents\UTS_BengkelKoding_A11.2021.13554\system\Database\BaseConnection.php(734): CodeIgniter\Database\MySQLi\Connection->execute('INSERT INTO `pe...')
#2 C:\Users\faris dzulfiqar\Documents\UTS_BengkelKoding_A11.2021.13554\system\Database\BaseConnection.php(648): CodeIgniter\Database\BaseConnection->simpleQuery('INSERT INTO `pe...')
#3 C:\Users\faris dzulfiqar\Documents\UTS_BengkelKoding_A11.2021.13554\system\Database\BaseBuilder.php(2340): CodeIgniter\Database\BaseConnection->query('INSERT INTO `pe...', Array, false)
#4 C:\Users\faris dzulfiqar\Documents\UTS_BengkelKoding_A11.2021.13554\app\Controllers\PeriksaController.php(78): CodeIgniter\Database\BaseBuilder->insert(Array)
#5 C:\Users\faris dzulfiqar\Documents\UTS_BengkelKoding_A11.2021.13554\system\CodeIgniter.php(933): App\Controllers\PeriksaController->savePeriksa()
#6 C:\Users\faris dzulfiqar\Documents\UTS_BengkelKoding_A11.2021.13554\system\CodeIgniter.php(509): CodeIgniter\CodeIgniter->runController(Object(App\Controllers\PeriksaController))
#7 C:\Users\faris dzulfiqar\Documents\UTS_BengkelKoding_A11.2021.13554\system\CodeIgniter.php(355): CodeIgniter\CodeIgniter->handleRequest(NULL, Object(Config\Cache), false)
#8 C:\Users\faris dzulfiqar\Documents\UTS_BengkelKoding_A11.2021.13554\system\Boot.php(325): CodeIgniter\CodeIgniter->run()
#9 C:\Users\faris dzulfiqar\Documents\UTS_BengkelKoding_A11.2021.13554\system\Boot.php(67): CodeIgniter\Boot::runCodeIgniter(Object(CodeIgniter\CodeIgniter))
#10 C:\Users\faris dzulfiqar\Documents\UTS_BengkelKoding_A11.2021.13554\public\index.php(56): CodeIgniter\Boot::bootWeb(Object(Config\Paths))
#11 C:\Users\faris dzulfiqar\Documents\UTS_BengkelKoding_A11.2021.13554\system\rewrite.php(44): require_once('C:\\Users\\faris ...')
#12 {main}
CRITICAL - 2024-11-20 15:06:56 --> CodeIgniter\Database\Exceptions\DatabaseException: Column 'Dokter' cannot be null
[Method: POST, Route: periksa/save]
in SYSTEMPATH\Database\BaseConnection.php on line 688.
 1 SYSTEMPATH\Database\BaseBuilder.php(2340): CodeIgniter\Database\BaseConnection->query('INSERT INTO `periksa` (`pasien`, `dokter`, `tgl_periksa`, `catatan`) VALUES (:pasien:, :dokter:, :tgl_periksa:, :catatan:)', [...], false)
 2 APPPATH\Controllers\PeriksaController.php(78): CodeIgniter\Database\BaseBuilder->insert([...])
 3 SYSTEMPATH\CodeIgniter.php(933): App\Controllers\PeriksaController->savePeriksa()
 4 SYSTEMPATH\CodeIgniter.php(509): CodeIgniter\CodeIgniter->runController(Object(App\Controllers\PeriksaController))
 5 SYSTEMPATH\CodeIgniter.php(355): CodeIgniter\CodeIgniter->handleRequest(null, Object(Config\Cache), false)
 6 SYSTEMPATH\Boot.php(325): CodeIgniter\CodeIgniter->run()
 7 SYSTEMPATH\Boot.php(67): CodeIgniter\Boot::runCodeIgniter(Object(CodeIgniter\CodeIgniter))
 8 FCPATH\index.php(56): CodeIgniter\Boot::bootWeb(Object(Config\Paths))
 9 SYSTEMPATH\rewrite.php(44): require_once('C:\\Users\\faris dzulfiqar\\Documents\\UTS_BengkelKoding_A11.2021.13554\\public\\index.php')
CRITICAL - 2024-11-20 15:06:56 --> [Caused by] CodeIgniter\Database\Exceptions\DatabaseException: Column 'Dokter' cannot be null
in SYSTEMPATH\Database\MySQLi\Connection.php on line 317.
 1 SYSTEMPATH\Database\BaseConnection.php(734): CodeIgniter\Database\MySQLi\Connection->execute('INSERT INTO `periksa` (`pasien`, `dokter`, `tgl_periksa`, `catatan`) VALUES (\'1\', NULL, NULL, \'sakit pusing\')')
 2 SYSTEMPATH\Database\BaseConnection.php(648): CodeIgniter\Database\BaseConnection->simpleQuery('INSERT INTO `periksa` (`pasien`, `dokter`, `tgl_periksa`, `catatan`) VALUES (\'1\', NULL, NULL, \'sakit pusing\')')
 3 SYSTEMPATH\Database\BaseBuilder.php(2340): CodeIgniter\Database\BaseConnection->query('INSERT INTO `periksa` (`pasien`, `dokter`, `tgl_periksa`, `catatan`) VALUES (:pasien:, :dokter:, :tgl_periksa:, :catatan:)', [...], false)
 4 APPPATH\Controllers\PeriksaController.php(78): CodeIgniter\Database\BaseBuilder->insert([...])
 5 SYSTEMPATH\CodeIgniter.php(933): App\Controllers\PeriksaController->savePeriksa()
 6 SYSTEMPATH\CodeIgniter.php(509): CodeIgniter\CodeIgniter->runController(Object(App\Controllers\PeriksaController))
 7 SYSTEMPATH\CodeIgniter.php(355): CodeIgniter\CodeIgniter->handleRequest(null, Object(Config\Cache), false)
 8 SYSTEMPATH\Boot.php(325): CodeIgniter\CodeIgniter->run()
 9 SYSTEMPATH\Boot.php(67): CodeIgniter\Boot::runCodeIgniter(Object(CodeIgniter\CodeIgniter))
10 FCPATH\index.php(56): CodeIgniter\Boot::bootWeb(Object(Config\Paths))
11 SYSTEMPATH\rewrite.php(44): require_once('C:\\Users\\faris dzulfiqar\\Documents\\UTS_BengkelKoding_A11.2021.13554\\public\\index.php')
CRITICAL - 2024-11-20 15:06:56 --> [Caused by] mysqli_sql_exception: Column 'Dokter' cannot be null
in SYSTEMPATH\Database\MySQLi\Connection.php on line 312.
 1 SYSTEMPATH\Database\MySQLi\Connection.php(312): mysqli->query('INSERT INTO `periksa` (`pasien`, `dokter`, `tgl_periksa`, `catatan`) VALUES (\'1\', NULL, NULL, \'sakit pusing\')', 0)
 2 SYSTEMPATH\Database\BaseConnection.php(734): CodeIgniter\Database\MySQLi\Connection->execute('INSERT INTO `periksa` (`pasien`, `dokter`, `tgl_periksa`, `catatan`) VALUES (\'1\', NULL, NULL, \'sakit pusing\')')
 3 SYSTEMPATH\Database\BaseConnection.php(648): CodeIgniter\Database\BaseConnection->simpleQuery('INSERT INTO `periksa` (`pasien`, `dokter`, `tgl_periksa`, `catatan`) VALUES (\'1\', NULL, NULL, \'sakit pusing\')')
 4 SYSTEMPATH\Database\BaseBuilder.php(2340): CodeIgniter\Database\BaseConnection->query('INSERT INTO `periksa` (`pasien`, `dokter`, `tgl_periksa`, `catatan`) VALUES (:pasien:, :dokter:, :tgl_periksa:, :catatan:)', [...], false)
 5 APPPATH\Controllers\PeriksaController.php(78): CodeIgniter\Database\BaseBuilder->insert([...])
 6 SYSTEMPATH\CodeIgniter.php(933): App\Controllers\PeriksaController->savePeriksa()
 7 SYSTEMPATH\CodeIgniter.php(509): CodeIgniter\CodeIgniter->runController(Object(App\Controllers\PeriksaController))
 8 SYSTEMPATH\CodeIgniter.php(355): CodeIgniter\CodeIgniter->handleRequest(null, Object(Config\Cache), false)
 9 SYSTEMPATH\Boot.php(325): CodeIgniter\CodeIgniter->run()
10 SYSTEMPATH\Boot.php(67): CodeIgniter\Boot::runCodeIgniter(Object(CodeIgniter\CodeIgniter))
11 FCPATH\index.php(56): CodeIgniter\Boot::bootWeb(Object(Config\Paths))
12 SYSTEMPATH\rewrite.php(44): require_once('C:\\Users\\faris dzulfiqar\\Documents\\UTS_BengkelKoding_A11.2021.13554\\public\\index.php')
ERROR - 2024-11-20 15:07:13 --> mysqli_sql_exception: Column 'Dokter' cannot be null in C:\Users\faris dzulfiqar\Documents\UTS_BengkelKoding_A11.2021.13554\system\Database\MySQLi\Connection.php:312
Stack trace:
#0 C:\Users\faris dzulfiqar\Documents\UTS_BengkelKoding_A11.2021.13554\system\Database\MySQLi\Connection.php(312): mysqli->query('INSERT INTO `pe...', 0)
#1 C:\Users\faris dzulfiqar\Documents\UTS_BengkelKoding_A11.2021.13554\system\Database\BaseConnection.php(734): CodeIgniter\Database\MySQLi\Connection->execute('INSERT INTO `pe...')
#2 C:\Users\faris dzulfiqar\Documents\UTS_BengkelKoding_A11.2021.13554\system\Database\BaseConnection.php(648): CodeIgniter\Database\BaseConnection->simpleQuery('INSERT INTO `pe...')
#3 C:\Users\faris dzulfiqar\Documents\UTS_BengkelKoding_A11.2021.13554\system\Database\BaseBuilder.php(2340): CodeIgniter\Database\BaseConnection->query('INSERT INTO `pe...', Array, false)
#4 C:\Users\faris dzulfiqar\Documents\UTS_BengkelKoding_A11.2021.13554\app\Controllers\PeriksaController.php(78): CodeIgniter\Database\BaseBuilder->insert(Array)
#5 C:\Users\faris dzulfiqar\Documents\UTS_BengkelKoding_A11.2021.13554\system\CodeIgniter.php(933): App\Controllers\PeriksaController->savePeriksa()
#6 C:\Users\faris dzulfiqar\Documents\UTS_BengkelKoding_A11.2021.13554\system\CodeIgniter.php(509): CodeIgniter\CodeIgniter->runController(Object(App\Controllers\PeriksaController))
#7 C:\Users\faris dzulfiqar\Documents\UTS_BengkelKoding_A11.2021.13554\system\CodeIgniter.php(355): CodeIgniter\CodeIgniter->handleRequest(NULL, Object(Config\Cache), false)
#8 C:\Users\faris dzulfiqar\Documents\UTS_BengkelKoding_A11.2021.13554\system\Boot.php(325): CodeIgniter\CodeIgniter->run()
#9 C:\Users\faris dzulfiqar\Documents\UTS_BengkelKoding_A11.2021.13554\system\Boot.php(67): CodeIgniter\Boot::runCodeIgniter(Object(CodeIgniter\CodeIgniter))
#10 C:\Users\faris dzulfiqar\Documents\UTS_BengkelKoding_A11.2021.13554\public\index.php(56): CodeIgniter\Boot::bootWeb(Object(Config\Paths))
#11 C:\Users\faris dzulfiqar\Documents\UTS_BengkelKoding_A11.2021.13554\system\rewrite.php(44): require_once('C:\\Users\\faris ...')
#12 {main}
CRITICAL - 2024-11-20 15:07:13 --> CodeIgniter\Database\Exceptions\DatabaseException: Column 'Dokter' cannot be null
[Method: POST, Route: periksa/save]
in SYSTEMPATH\Database\BaseConnection.php on line 688.
 1 SYSTEMPATH\Database\BaseBuilder.php(2340): CodeIgniter\Database\BaseConnection->query('INSERT INTO `periksa` (`pasien`, `dokter`, `tgl_periksa`, `catatan`) VALUES (:pasien:, :dokter:, :tgl_periksa:, :catatan:)', [...], false)
 2 APPPATH\Controllers\PeriksaController.php(78): CodeIgniter\Database\BaseBuilder->insert([...])
 3 SYSTEMPATH\CodeIgniter.php(933): App\Controllers\PeriksaController->savePeriksa()
 4 SYSTEMPATH\CodeIgniter.php(509): CodeIgniter\CodeIgniter->runController(Object(App\Controllers\PeriksaController))
 5 SYSTEMPATH\CodeIgniter.php(355): CodeIgniter\CodeIgniter->handleRequest(null, Object(Config\Cache), false)
 6 SYSTEMPATH\Boot.php(325): CodeIgniter\CodeIgniter->run()
 7 SYSTEMPATH\Boot.php(67): CodeIgniter\Boot::runCodeIgniter(Object(CodeIgniter\CodeIgniter))
 8 FCPATH\index.php(56): CodeIgniter\Boot::bootWeb(Object(Config\Paths))
 9 SYSTEMPATH\rewrite.php(44): require_once('C:\\Users\\faris dzulfiqar\\Documents\\UTS_BengkelKoding_A11.2021.13554\\public\\index.php')
CRITICAL - 2024-11-20 15:07:13 --> [Caused by] CodeIgniter\Database\Exceptions\DatabaseException: Column 'Dokter' cannot be null
in SYSTEMPATH\Database\MySQLi\Connection.php on line 317.
 1 SYSTEMPATH\Database\BaseConnection.php(734): CodeIgniter\Database\MySQLi\Connection->execute('INSERT INTO `periksa` (`pasien`, `dokter`, `tgl_periksa`, `catatan`) VALUES (\'1\', NULL, NULL, \'sakit pusing\')')
 2 SYSTEMPATH\Database\BaseConnection.php(648): CodeIgniter\Database\BaseConnection->simpleQuery('INSERT INTO `periksa` (`pasien`, `dokter`, `tgl_periksa`, `catatan`) VALUES (\'1\', NULL, NULL, \'sakit pusing\')')
 3 SYSTEMPATH\Database\BaseBuilder.php(2340): CodeIgniter\Database\BaseConnection->query('INSERT INTO `periksa` (`pasien`, `dokter`, `tgl_periksa`, `catatan`) VALUES (:pasien:, :dokter:, :tgl_periksa:, :catatan:)', [...], false)
 4 APPPATH\Controllers\PeriksaController.php(78): CodeIgniter\Database\BaseBuilder->insert([...])
 5 SYSTEMPATH\CodeIgniter.php(933): App\Controllers\PeriksaController->savePeriksa()
 6 SYSTEMPATH\CodeIgniter.php(509): CodeIgniter\CodeIgniter->runController(Object(App\Controllers\PeriksaController))
 7 SYSTEMPATH\CodeIgniter.php(355): CodeIgniter\CodeIgniter->handleRequest(null, Object(Config\Cache), false)
 8 SYSTEMPATH\Boot.php(325): CodeIgniter\CodeIgniter->run()
 9 SYSTEMPATH\Boot.php(67): CodeIgniter\Boot::runCodeIgniter(Object(CodeIgniter\CodeIgniter))
10 FCPATH\index.php(56): CodeIgniter\Boot::bootWeb(Object(Config\Paths))
11 SYSTEMPATH\rewrite.php(44): require_once('C:\\Users\\faris dzulfiqar\\Documents\\UTS_BengkelKoding_A11.2021.13554\\public\\index.php')
CRITICAL - 2024-11-20 15:07:13 --> [Caused by] mysqli_sql_exception: Column 'Dokter' cannot be null
in SYSTEMPATH\Database\MySQLi\Connection.php on line 312.
 1 SYSTEMPATH\Database\MySQLi\Connection.php(312): mysqli->query('INSERT INTO `periksa` (`pasien`, `dokter`, `tgl_periksa`, `catatan`) VALUES (\'1\', NULL, NULL, \'sakit pusing\')', 0)
 2 SYSTEMPATH\Database\BaseConnection.php(734): CodeIgniter\Database\MySQLi\Connection->execute('INSERT INTO `periksa` (`pasien`, `dokter`, `tgl_periksa`, `catatan`) VALUES (\'1\', NULL, NULL, \'sakit pusing\')')
 3 SYSTEMPATH\Database\BaseConnection.php(648): CodeIgniter\Database\BaseConnection->simpleQuery('INSERT INTO `periksa` (`pasien`, `dokter`, `tgl_periksa`, `catatan`) VALUES (\'1\', NULL, NULL, \'sakit pusing\')')
 4 SYSTEMPATH\Database\BaseBuilder.php(2340): CodeIgniter\Database\BaseConnection->query('INSERT INTO `periksa` (`pasien`, `dokter`, `tgl_periksa`, `catatan`) VALUES (:pasien:, :dokter:, :tgl_periksa:, :catatan:)', [...], false)
 5 APPPATH\Controllers\PeriksaController.php(78): CodeIgniter\Database\BaseBuilder->insert([...])
 6 SYSTEMPATH\CodeIgniter.php(933): App\Controllers\PeriksaController->savePeriksa()
 7 SYSTEMPATH\CodeIgniter.php(509): CodeIgniter\CodeIgniter->runController(Object(App\Controllers\PeriksaController))
 8 SYSTEMPATH\CodeIgniter.php(355): CodeIgniter\CodeIgniter->handleRequest(null, Object(Config\Cache), false)
 9 SYSTEMPATH\Boot.php(325): CodeIgniter\CodeIgniter->run()
10 SYSTEMPATH\Boot.php(67): CodeIgniter\Boot::runCodeIgniter(Object(CodeIgniter\CodeIgniter))
11 FCPATH\index.php(56): CodeIgniter\Boot::bootWeb(Object(Config\Paths))
12 SYSTEMPATH\rewrite.php(44): require_once('C:\\Users\\faris dzulfiqar\\Documents\\UTS_BengkelKoding_A11.2021.13554\\public\\index.php')
ERROR - 2024-11-20 15:07:52 --> mysqli_sql_exception: Column 'Dokter' cannot be null in C:\Users\faris dzulfiqar\Documents\UTS_BengkelKoding_A11.2021.13554\system\Database\MySQLi\Connection.php:312
Stack trace:
#0 C:\Users\faris dzulfiqar\Documents\UTS_BengkelKoding_A11.2021.13554\system\Database\MySQLi\Connection.php(312): mysqli->query('INSERT INTO `pe...', 0)
#1 C:\Users\faris dzulfiqar\Documents\UTS_BengkelKoding_A11.2021.13554\system\Database\BaseConnection.php(734): CodeIgniter\Database\MySQLi\Connection->execute('INSERT INTO `pe...')
#2 C:\Users\faris dzulfiqar\Documents\UTS_BengkelKoding_A11.2021.13554\system\Database\BaseConnection.php(648): CodeIgniter\Database\BaseConnection->simpleQuery('INSERT INTO `pe...')
#3 C:\Users\faris dzulfiqar\Documents\UTS_BengkelKoding_A11.2021.13554\system\Database\BaseBuilder.php(2340): CodeIgniter\Database\BaseConnection->query('INSERT INTO `pe...', Array, false)
#4 C:\Users\faris dzulfiqar\Documents\UTS_BengkelKoding_A11.2021.13554\app\Controllers\PeriksaController.php(78): CodeIgniter\Database\BaseBuilder->insert(Array)
#5 C:\Users\faris dzulfiqar\Documents\UTS_BengkelKoding_A11.2021.13554\system\CodeIgniter.php(933): App\Controllers\PeriksaController->savePeriksa()
#6 C:\Users\faris dzulfiqar\Documents\UTS_BengkelKoding_A11.2021.13554\system\CodeIgniter.php(509): CodeIgniter\CodeIgniter->runController(Object(App\Controllers\PeriksaController))
#7 C:\Users\faris dzulfiqar\Documents\UTS_BengkelKoding_A11.2021.13554\system\CodeIgniter.php(355): CodeIgniter\CodeIgniter->handleRequest(NULL, Object(Config\Cache), false)
#8 C:\Users\faris dzulfiqar\Documents\UTS_BengkelKoding_A11.2021.13554\system\Boot.php(325): CodeIgniter\CodeIgniter->run()
#9 C:\Users\faris dzulfiqar\Documents\UTS_BengkelKoding_A11.2021.13554\system\Boot.php(67): CodeIgniter\Boot::runCodeIgniter(Object(CodeIgniter\CodeIgniter))
#10 C:\Users\faris dzulfiqar\Documents\UTS_BengkelKoding_A11.2021.13554\public\index.php(56): CodeIgniter\Boot::bootWeb(Object(Config\Paths))
#11 C:\Users\faris dzulfiqar\Documents\UTS_BengkelKoding_A11.2021.13554\system\rewrite.php(44): require_once('C:\\Users\\faris ...')
#12 {main}
CRITICAL - 2024-11-20 15:07:52 --> CodeIgniter\Database\Exceptions\DatabaseException: Column 'Dokter' cannot be null
[Method: POST, Route: periksa/save]
in SYSTEMPATH\Database\BaseConnection.php on line 688.
 1 SYSTEMPATH\Database\BaseBuilder.php(2340): CodeIgniter\Database\BaseConnection->query('INSERT INTO `periksa` (`pasien`, `dokter`, `tgl_periksa`, `catatan`) VALUES (:pasien:, :dokter:, :tgl_periksa:, :catatan:)', [...], false)
 2 APPPATH\Controllers\PeriksaController.php(78): CodeIgniter\Database\BaseBuilder->insert([...])
 3 SYSTEMPATH\CodeIgniter.php(933): App\Controllers\PeriksaController->savePeriksa()
 4 SYSTEMPATH\CodeIgniter.php(509): CodeIgniter\CodeIgniter->runController(Object(App\Controllers\PeriksaController))
 5 SYSTEMPATH\CodeIgniter.php(355): CodeIgniter\CodeIgniter->handleRequest(null, Object(Config\Cache), false)
 6 SYSTEMPATH\Boot.php(325): CodeIgniter\CodeIgniter->run()
 7 SYSTEMPATH\Boot.php(67): CodeIgniter\Boot::runCodeIgniter(Object(CodeIgniter\CodeIgniter))
 8 FCPATH\index.php(56): CodeIgniter\Boot::bootWeb(Object(Config\Paths))
 9 SYSTEMPATH\rewrite.php(44): require_once('C:\\Users\\faris dzulfiqar\\Documents\\UTS_BengkelKoding_A11.2021.13554\\public\\index.php')
CRITICAL - 2024-11-20 15:07:52 --> [Caused by] CodeIgniter\Database\Exceptions\DatabaseException: Column 'Dokter' cannot be null
in SYSTEMPATH\Database\MySQLi\Connection.php on line 317.
 1 SYSTEMPATH\Database\BaseConnection.php(734): CodeIgniter\Database\MySQLi\Connection->execute('INSERT INTO `periksa` (`pasien`, `dokter`, `tgl_periksa`, `catatan`) VALUES (\'\', NULL, NULL, \'\')')
 2 SYSTEMPATH\Database\BaseConnection.php(648): CodeIgniter\Database\BaseConnection->simpleQuery('INSERT INTO `periksa` (`pasien`, `dokter`, `tgl_periksa`, `catatan`) VALUES (\'\', NULL, NULL, \'\')')
 3 SYSTEMPATH\Database\BaseBuilder.php(2340): CodeIgniter\Database\BaseConnection->query('INSERT INTO `periksa` (`pasien`, `dokter`, `tgl_periksa`, `catatan`) VALUES (:pasien:, :dokter:, :tgl_periksa:, :catatan:)', [...], false)
 4 APPPATH\Controllers\PeriksaController.php(78): CodeIgniter\Database\BaseBuilder->insert([...])
 5 SYSTEMPATH\CodeIgniter.php(933): App\Controllers\PeriksaController->savePeriksa()
 6 SYSTEMPATH\CodeIgniter.php(509): CodeIgniter\CodeIgniter->runController(Object(App\Controllers\PeriksaController))
 7 SYSTEMPATH\CodeIgniter.php(355): CodeIgniter\CodeIgniter->handleRequest(null, Object(Config\Cache), false)
 8 SYSTEMPATH\Boot.php(325): CodeIgniter\CodeIgniter->run()
 9 SYSTEMPATH\Boot.php(67): CodeIgniter\Boot::runCodeIgniter(Object(CodeIgniter\CodeIgniter))
10 FCPATH\index.php(56): CodeIgniter\Boot::bootWeb(Object(Config\Paths))
11 SYSTEMPATH\rewrite.php(44): require_once('C:\\Users\\faris dzulfiqar\\Documents\\UTS_BengkelKoding_A11.2021.13554\\public\\index.php')
CRITICAL - 2024-11-20 15:07:52 --> [Caused by] mysqli_sql_exception: Column 'Dokter' cannot be null
in SYSTEMPATH\Database\MySQLi\Connection.php on line 312.
 1 SYSTEMPATH\Database\MySQLi\Connection.php(312): mysqli->query('INSERT INTO `periksa` (`pasien`, `dokter`, `tgl_periksa`, `catatan`) VALUES (\'\', NULL, NULL, \'\')', 0)
 2 SYSTEMPATH\Database\BaseConnection.php(734): CodeIgniter\Database\MySQLi\Connection->execute('INSERT INTO `periksa` (`pasien`, `dokter`, `tgl_periksa`, `catatan`) VALUES (\'\', NULL, NULL, \'\')')
 3 SYSTEMPATH\Database\BaseConnection.php(648): CodeIgniter\Database\BaseConnection->simpleQuery('INSERT INTO `periksa` (`pasien`, `dokter`, `tgl_periksa`, `catatan`) VALUES (\'\', NULL, NULL, \'\')')
 4 SYSTEMPATH\Database\BaseBuilder.php(2340): CodeIgniter\Database\BaseConnection->query('INSERT INTO `periksa` (`pasien`, `dokter`, `tgl_periksa`, `catatan`) VALUES (:pasien:, :dokter:, :tgl_periksa:, :catatan:)', [...], false)
 5 APPPATH\Controllers\PeriksaController.php(78): CodeIgniter\Database\BaseBuilder->insert([...])
 6 SYSTEMPATH\CodeIgniter.php(933): App\Controllers\PeriksaController->savePeriksa()
 7 SYSTEMPATH\CodeIgniter.php(509): CodeIgniter\CodeIgniter->runController(Object(App\Controllers\PeriksaController))
 8 SYSTEMPATH\CodeIgniter.php(355): CodeIgniter\CodeIgniter->handleRequest(null, Object(Config\Cache), false)
 9 SYSTEMPATH\Boot.php(325): CodeIgniter\CodeIgniter->run()
10 SYSTEMPATH\Boot.php(67): CodeIgniter\Boot::runCodeIgniter(Object(CodeIgniter\CodeIgniter))
11 FCPATH\index.php(56): CodeIgniter\Boot::bootWeb(Object(Config\Paths))
12 SYSTEMPATH\rewrite.php(44): require_once('C:\\Users\\faris dzulfiqar\\Documents\\UTS_BengkelKoding_A11.2021.13554\\public\\index.php')
INFO - 2024-11-20 15:12:16 --> Session: Class initialized using 'CodeIgniter\Session\Handlers\FileHandler' driver.
ERROR - 2024-11-20 15:12:23 --> mysqli_sql_exception: Column 'tgl_Periksa' cannot be null in C:\Users\faris dzulfiqar\Documents\UTS_BengkelKoding_A11.2021.13554\system\Database\MySQLi\Connection.php:312
Stack trace:
#0 C:\Users\faris dzulfiqar\Documents\UTS_BengkelKoding_A11.2021.13554\system\Database\MySQLi\Connection.php(312): mysqli->query('INSERT INTO `pe...', 0)
#1 C:\Users\faris dzulfiqar\Documents\UTS_BengkelKoding_A11.2021.13554\system\Database\BaseConnection.php(734): CodeIgniter\Database\MySQLi\Connection->execute('INSERT INTO `pe...')
#2 C:\Users\faris dzulfiqar\Documents\UTS_BengkelKoding_A11.2021.13554\system\Database\BaseConnection.php(648): CodeIgniter\Database\BaseConnection->simpleQuery('INSERT INTO `pe...')
#3 C:\Users\faris dzulfiqar\Documents\UTS_BengkelKoding_A11.2021.13554\system\Database\BaseBuilder.php(2340): CodeIgniter\Database\BaseConnection->query('INSERT INTO `pe...', Array, false)
#4 C:\Users\faris dzulfiqar\Documents\UTS_BengkelKoding_A11.2021.13554\app\Controllers\PeriksaController.php(78): CodeIgniter\Database\BaseBuilder->insert(Array)
#5 C:\Users\faris dzulfiqar\Documents\UTS_BengkelKoding_A11.2021.13554\system\CodeIgniter.php(933): App\Controllers\PeriksaController->savePeriksa()
#6 C:\Users\faris dzulfiqar\Documents\UTS_BengkelKoding_A11.2021.13554\system\CodeIgniter.php(509): CodeIgniter\CodeIgniter->runController(Object(App\Controllers\PeriksaController))
#7 C:\Users\faris dzulfiqar\Documents\UTS_BengkelKoding_A11.2021.13554\system\CodeIgniter.php(355): CodeIgniter\CodeIgniter->handleRequest(NULL, Object(Config\Cache), false)
#8 C:\Users\faris dzulfiqar\Documents\UTS_BengkelKoding_A11.2021.13554\system\Boot.php(325): CodeIgniter\CodeIgniter->run()
#9 C:\Users\faris dzulfiqar\Documents\UTS_BengkelKoding_A11.2021.13554\system\Boot.php(67): CodeIgniter\Boot::runCodeIgniter(Object(CodeIgniter\CodeIgniter))
#10 C:\Users\faris dzulfiqar\Documents\UTS_BengkelKoding_A11.2021.13554\public\index.php(56): CodeIgniter\Boot::bootWeb(Object(Config\Paths))
#11 C:\Users\faris dzulfiqar\Documents\UTS_BengkelKoding_A11.2021.13554\system\rewrite.php(44): require_once('C:\\Users\\faris ...')
#12 {main}
CRITICAL - 2024-11-20 15:12:23 --> CodeIgniter\Database\Exceptions\DatabaseException: Column 'tgl_Periksa' cannot be null
[Method: POST, Route: periksa/save]
in SYSTEMPATH\Database\BaseConnection.php on line 688.
 1 SYSTEMPATH\Database\BaseBuilder.php(2340): CodeIgniter\Database\BaseConnection->query('INSERT INTO `periksa` (`pasien`, `dokter`, `tgl_periksa`, `catatan`) VALUES (:pasien:, :dokter:, :tgl_periksa:, :catatan:)', [...], false)
 2 APPPATH\Controllers\PeriksaController.php(78): CodeIgniter\Database\BaseBuilder->insert([...])
 3 SYSTEMPATH\CodeIgniter.php(933): App\Controllers\PeriksaController->savePeriksa()
 4 SYSTEMPATH\CodeIgniter.php(509): CodeIgniter\CodeIgniter->runController(Object(App\Controllers\PeriksaController))
 5 SYSTEMPATH\CodeIgniter.php(355): CodeIgniter\CodeIgniter->handleRequest(null, Object(Config\Cache), false)
 6 SYSTEMPATH\Boot.php(325): CodeIgniter\CodeIgniter->run()
 7 SYSTEMPATH\Boot.php(67): CodeIgniter\Boot::runCodeIgniter(Object(CodeIgniter\CodeIgniter))
 8 FCPATH\index.php(56): CodeIgniter\Boot::bootWeb(Object(Config\Paths))
 9 SYSTEMPATH\rewrite.php(44): require_once('C:\\Users\\faris dzulfiqar\\Documents\\UTS_BengkelKoding_A11.2021.13554\\public\\index.php')
CRITICAL - 2024-11-20 15:12:23 --> [Caused by] CodeIgniter\Database\Exceptions\DatabaseException: Column 'tgl_Periksa' cannot be null
in SYSTEMPATH\Database\MySQLi\Connection.php on line 317.
 1 SYSTEMPATH\Database\BaseConnection.php(734): CodeIgniter\Database\MySQLi\Connection->execute('INSERT INTO `periksa` (`pasien`, `dokter`, `tgl_periksa`, `catatan`) VALUES (\'1\', \'1\', NULL, \'sakit pusing\')')
 2 SYSTEMPATH\Database\BaseConnection.php(648): CodeIgniter\Database\BaseConnection->simpleQuery('INSERT INTO `periksa` (`pasien`, `dokter`, `tgl_periksa`, `catatan`) VALUES (\'1\', \'1\', NULL, \'sakit pusing\')')
 3 SYSTEMPATH\Database\BaseBuilder.php(2340): CodeIgniter\Database\BaseConnection->query('INSERT INTO `periksa` (`pasien`, `dokter`, `tgl_periksa`, `catatan`) VALUES (:pasien:, :dokter:, :tgl_periksa:, :catatan:)', [...], false)
 4 APPPATH\Controllers\PeriksaController.php(78): CodeIgniter\Database\BaseBuilder->insert([...])
 5 SYSTEMPATH\CodeIgniter.php(933): App\Controllers\PeriksaController->savePeriksa()
 6 SYSTEMPATH\CodeIgniter.php(509): CodeIgniter\CodeIgniter->runController(Object(App\Controllers\PeriksaController))
 7 SYSTEMPATH\CodeIgniter.php(355): CodeIgniter\CodeIgniter->handleRequest(null, Object(Config\Cache), false)
 8 SYSTEMPATH\Boot.php(325): CodeIgniter\CodeIgniter->run()
 9 SYSTEMPATH\Boot.php(67): CodeIgniter\Boot::runCodeIgniter(Object(CodeIgniter\CodeIgniter))
10 FCPATH\index.php(56): CodeIgniter\Boot::bootWeb(Object(Config\Paths))
11 SYSTEMPATH\rewrite.php(44): require_once('C:\\Users\\faris dzulfiqar\\Documents\\UTS_BengkelKoding_A11.2021.13554\\public\\index.php')
CRITICAL - 2024-11-20 15:12:23 --> [Caused by] mysqli_sql_exception: Column 'tgl_Periksa' cannot be null
in SYSTEMPATH\Database\MySQLi\Connection.php on line 312.
 1 SYSTEMPATH\Database\MySQLi\Connection.php(312): mysqli->query('INSERT INTO `periksa` (`pasien`, `dokter`, `tgl_periksa`, `catatan`) VALUES (\'1\', \'1\', NULL, \'sakit pusing\')', 0)
 2 SYSTEMPATH\Database\BaseConnection.php(734): CodeIgniter\Database\MySQLi\Connection->execute('INSERT INTO `periksa` (`pasien`, `dokter`, `tgl_periksa`, `catatan`) VALUES (\'1\', \'1\', NULL, \'sakit pusing\')')
 3 SYSTEMPATH\Database\BaseConnection.php(648): CodeIgniter\Database\BaseConnection->simpleQuery('INSERT INTO `periksa` (`pasien`, `dokter`, `tgl_periksa`, `catatan`) VALUES (\'1\', \'1\', NULL, \'sakit pusing\')')
 4 SYSTEMPATH\Database\BaseBuilder.php(2340): CodeIgniter\Database\BaseConnection->query('INSERT INTO `periksa` (`pasien`, `dokter`, `tgl_periksa`, `catatan`) VALUES (:pasien:, :dokter:, :tgl_periksa:, :catatan:)', [...], false)
 5 APPPATH\Controllers\PeriksaController.php(78): CodeIgniter\Database\BaseBuilder->insert([...])
 6 SYSTEMPATH\CodeIgniter.php(933): App\Controllers\PeriksaController->savePeriksa()
 7 SYSTEMPATH\CodeIgniter.php(509): CodeIgniter\CodeIgniter->runController(Object(App\Controllers\PeriksaController))
 8 SYSTEMPATH\CodeIgniter.php(355): CodeIgniter\CodeIgniter->handleRequest(null, Object(Config\Cache), false)
 9 SYSTEMPATH\Boot.php(325): CodeIgniter\CodeIgniter->run()
10 SYSTEMPATH\Boot.php(67): CodeIgniter\Boot::runCodeIgniter(Object(CodeIgniter\CodeIgniter))
11 FCPATH\index.php(56): CodeIgniter\Boot::bootWeb(Object(Config\Paths))
12 SYSTEMPATH\rewrite.php(44): require_once('C:\\Users\\faris dzulfiqar\\Documents\\UTS_BengkelKoding_A11.2021.13554\\public\\index.php')
INFO - 2024-11-20 15:22:20 --> Session: Class initialized using 'CodeIgniter\Session\Handlers\FileHandler' driver.
INFO - 2024-11-20 15:22:21 --> Session: Class initialized using 'CodeIgniter\Session\Handlers\FileHandler' driver.
INFO - 2024-11-20 15:22:41 --> Session: Class initialized using 'CodeIgniter\Session\Handlers\FileHandler' driver.
INFO - 2024-11-20 15:23:26 --> Session: Class initialized using 'CodeIgniter\Session\Handlers\FileHandler' driver.
ERROR - 2024-11-20 15:23:35 --> mysqli_sql_exception: Column 'tgl_Periksa' cannot be null in C:\Users\faris dzulfiqar\Documents\UTS_BengkelKoding_A11.2021.13554\system\Database\MySQLi\Connection.php:312
Stack trace:
#0 C:\Users\faris dzulfiqar\Documents\UTS_BengkelKoding_A11.2021.13554\system\Database\MySQLi\Connection.php(312): mysqli->query('INSERT INTO `pe...', 0)
#1 C:\Users\faris dzulfiqar\Documents\UTS_BengkelKoding_A11.2021.13554\system\Database\BaseConnection.php(734): CodeIgniter\Database\MySQLi\Connection->execute('INSERT INTO `pe...')
#2 C:\Users\faris dzulfiqar\Documents\UTS_BengkelKoding_A11.2021.13554\system\Database\BaseConnection.php(648): CodeIgniter\Database\BaseConnection->simpleQuery('INSERT INTO `pe...')
#3 C:\Users\faris dzulfiqar\Documents\UTS_BengkelKoding_A11.2021.13554\system\Database\BaseBuilder.php(2340): CodeIgniter\Database\BaseConnection->query('INSERT INTO `pe...', Array, false)
#4 C:\Users\faris dzulfiqar\Documents\UTS_BengkelKoding_A11.2021.13554\app\Controllers\PeriksaController.php(78): CodeIgniter\Database\BaseBuilder->insert(Array)
#5 C:\Users\faris dzulfiqar\Documents\UTS_BengkelKoding_A11.2021.13554\system\CodeIgniter.php(933): App\Controllers\PeriksaController->savePeriksa()
#6 C:\Users\faris dzulfiqar\Documents\UTS_BengkelKoding_A11.2021.13554\system\CodeIgniter.php(509): CodeIgniter\CodeIgniter->runController(Object(App\Controllers\PeriksaController))
#7 C:\Users\faris dzulfiqar\Documents\UTS_BengkelKoding_A11.2021.13554\system\CodeIgniter.php(355): CodeIgniter\CodeIgniter->handleRequest(NULL, Object(Config\Cache), false)
#8 C:\Users\faris dzulfiqar\Documents\UTS_BengkelKoding_A11.2021.13554\system\Boot.php(325): CodeIgniter\CodeIgniter->run()
#9 C:\Users\faris dzulfiqar\Documents\UTS_BengkelKoding_A11.2021.13554\system\Boot.php(67): CodeIgniter\Boot::runCodeIgniter(Object(CodeIgniter\CodeIgniter))
#10 C:\Users\faris dzulfiqar\Documents\UTS_BengkelKoding_A11.2021.13554\public\index.php(56): CodeIgniter\Boot::bootWeb(Object(Config\Paths))
#11 C:\Users\faris dzulfiqar\Documents\UTS_BengkelKoding_A11.2021.13554\system\rewrite.php(44): require_once('C:\\Users\\faris ...')
#12 {main}
CRITICAL - 2024-11-20 15:23:35 --> CodeIgniter\Database\Exceptions\DatabaseException: Column 'tgl_Periksa' cannot be null
[Method: POST, Route: periksa/save]
in SYSTEMPATH\Database\BaseConnection.php on line 688.
 1 SYSTEMPATH\Database\BaseBuilder.php(2340): CodeIgniter\Database\BaseConnection->query('INSERT INTO `periksa` (`pasien`, `dokter`, `tgl_periksa`, `catatan`) VALUES (:pasien:, :dokter:, :tgl_periksa:, :catatan:)', [...], false)
 2 APPPATH\Controllers\PeriksaController.php(78): CodeIgniter\Database\BaseBuilder->insert([...])
 3 SYSTEMPATH\CodeIgniter.php(933): App\Controllers\PeriksaController->savePeriksa()
 4 SYSTEMPATH\CodeIgniter.php(509): CodeIgniter\CodeIgniter->runController(Object(App\Controllers\PeriksaController))
 5 SYSTEMPATH\CodeIgniter.php(355): CodeIgniter\CodeIgniter->handleRequest(null, Object(Config\Cache), false)
 6 SYSTEMPATH\Boot.php(325): CodeIgniter\CodeIgniter->run()
 7 SYSTEMPATH\Boot.php(67): CodeIgniter\Boot::runCodeIgniter(Object(CodeIgniter\CodeIgniter))
 8 FCPATH\index.php(56): CodeIgniter\Boot::bootWeb(Object(Config\Paths))
 9 SYSTEMPATH\rewrite.php(44): require_once('C:\\Users\\faris dzulfiqar\\Documents\\UTS_BengkelKoding_A11.2021.13554\\public\\index.php')
CRITICAL - 2024-11-20 15:23:35 --> [Caused by] CodeIgniter\Database\Exceptions\DatabaseException: Column 'tgl_Periksa' cannot be null
in SYSTEMPATH\Database\MySQLi\Connection.php on line 317.
 1 SYSTEMPATH\Database\BaseConnection.php(734): CodeIgniter\Database\MySQLi\Connection->execute('INSERT INTO `periksa` (`pasien`, `dokter`, `tgl_periksa`, `catatan`) VALUES (\'1\', \'1\', NULL, \'sakit pusing\')')
 2 SYSTEMPATH\Database\BaseConnection.php(648): CodeIgniter\Database\BaseConnection->simpleQuery('INSERT INTO `periksa` (`pasien`, `dokter`, `tgl_periksa`, `catatan`) VALUES (\'1\', \'1\', NULL, \'sakit pusing\')')
 3 SYSTEMPATH\Database\BaseBuilder.php(2340): CodeIgniter\Database\BaseConnection->query('INSERT INTO `periksa` (`pasien`, `dokter`, `tgl_periksa`, `catatan`) VALUES (:pasien:, :dokter:, :tgl_periksa:, :catatan:)', [...], false)
 4 APPPATH\Controllers\PeriksaController.php(78): CodeIgniter\Database\BaseBuilder->insert([...])
 5 SYSTEMPATH\CodeIgniter.php(933): App\Controllers\PeriksaController->savePeriksa()
 6 SYSTEMPATH\CodeIgniter.php(509): CodeIgniter\CodeIgniter->runController(Object(App\Controllers\PeriksaController))
 7 SYSTEMPATH\CodeIgniter.php(355): CodeIgniter\CodeIgniter->handleRequest(null, Object(Config\Cache), false)
 8 SYSTEMPATH\Boot.php(325): CodeIgniter\CodeIgniter->run()
 9 SYSTEMPATH\Boot.php(67): CodeIgniter\Boot::runCodeIgniter(Object(CodeIgniter\CodeIgniter))
10 FCPATH\index.php(56): CodeIgniter\Boot::bootWeb(Object(Config\Paths))
11 SYSTEMPATH\rewrite.php(44): require_once('C:\\Users\\faris dzulfiqar\\Documents\\UTS_BengkelKoding_A11.2021.13554\\public\\index.php')
CRITICAL - 2024-11-20 15:23:35 --> [Caused by] mysqli_sql_exception: Column 'tgl_Periksa' cannot be null
in SYSTEMPATH\Database\MySQLi\Connection.php on line 312.
 1 SYSTEMPATH\Database\MySQLi\Connection.php(312): mysqli->query('INSERT INTO `periksa` (`pasien`, `dokter`, `tgl_periksa`, `catatan`) VALUES (\'1\', \'1\', NULL, \'sakit pusing\')', 0)
 2 SYSTEMPATH\Database\BaseConnection.php(734): CodeIgniter\Database\MySQLi\Connection->execute('INSERT INTO `periksa` (`pasien`, `dokter`, `tgl_periksa`, `catatan`) VALUES (\'1\', \'1\', NULL, \'sakit pusing\')')
 3 SYSTEMPATH\Database\BaseConnection.php(648): CodeIgniter\Database\BaseConnection->simpleQuery('INSERT INTO `periksa` (`pasien`, `dokter`, `tgl_periksa`, `catatan`) VALUES (\'1\', \'1\', NULL, \'sakit pusing\')')
 4 SYSTEMPATH\Database\BaseBuilder.php(2340): CodeIgniter\Database\BaseConnection->query('INSERT INTO `periksa` (`pasien`, `dokter`, `tgl_periksa`, `catatan`) VALUES (:pasien:, :dokter:, :tgl_periksa:, :catatan:)', [...], false)
 5 APPPATH\Controllers\PeriksaController.php(78): CodeIgniter\Database\BaseBuilder->insert([...])
 6 SYSTEMPATH\CodeIgniter.php(933): App\Controllers\PeriksaController->savePeriksa()
 7 SYSTEMPATH\CodeIgniter.php(509): CodeIgniter\CodeIgniter->runController(Object(App\Controllers\PeriksaController))
 8 SYSTEMPATH\CodeIgniter.php(355): CodeIgniter\CodeIgniter->handleRequest(null, Object(Config\Cache), false)
 9 SYSTEMPATH\Boot.php(325): CodeIgniter\CodeIgniter->run()
10 SYSTEMPATH\Boot.php(67): CodeIgniter\Boot::runCodeIgniter(Object(CodeIgniter\CodeIgniter))
11 FCPATH\index.php(56): CodeIgniter\Boot::bootWeb(Object(Config\Paths))
12 SYSTEMPATH\rewrite.php(44): require_once('C:\\Users\\faris dzulfiqar\\Documents\\UTS_BengkelKoding_A11.2021.13554\\public\\index.php')
INFO - 2024-11-20 15:25:50 --> Session: Class initialized using 'CodeIgniter\Session\Handlers\FileHandler' driver.
INFO - 2024-11-20 15:25:51 --> Session: Class initialized using 'CodeIgniter\Session\Handlers\FileHandler' driver.
INFO - 2024-11-20 15:25:58 --> Session: Class initialized using 'CodeIgniter\Session\Handlers\FileHandler' driver.
INFO - 2024-11-20 15:25:58 --> Session: Class initialized using 'CodeIgniter\Session\Handlers\FileHandler' driver.
