CRITICAL - 2024-11-14 03:56:56 --> CodeIgniter\View\Exceptions\ViewException: Invalid file: "poliklinik/index.php"
[Method: GET, Route: /]
in SYSTEMPATH\Exceptions\FrameworkException.php on line 41.
 1 SYSTEMPATH\View\View.php(222): CodeIgniter\Exceptions\FrameworkException::forInvalidFile('poliklinik/index.php')
 2 SYSTEMPATH\Common.php(1171): CodeIgniter\View\View->render('poliklinik/index', [], true)
 3 APPPATH\Controllers\Home.php(9): view('poliklinik/index')
 4 SYSTEMPATH\CodeIgniter.php(933): App\Controllers\Home->index()
 5 SYSTEMPATH\CodeIgniter.php(509): CodeIgniter\CodeIgniter->runController(Object(App\Controllers\Home))
 6 SYSTEMPATH\CodeIgniter.php(355): CodeIgniter\CodeIgniter->handleRequest(null, Object(Config\Cache), false)
 7 SYSTEMPATH\Boot.php(325): CodeIgniter\CodeIgniter->run()
 8 SYSTEMPATH\Boot.php(67): CodeIgniter\Boot::runCodeIgniter(Object(CodeIgniter\CodeIgniter))
 9 FCPATH\index.php(56): CodeIgniter\Boot::bootWeb(Object(Config\Paths))
10 SYSTEMPATH\rewrite.php(44): require_once('C:\\Users\\faris dzulfiqar\\Documents\\codeigniter4-framework-2849e7f\\public\\index.php')
CRITICAL - 2024-11-14 04:00:56 --> ErrorException: Undefined variable $Nama
[Method: GET, Route: periksa]
in APPPATH\Views\periksa.php on line 38.
 1 APPPATH\Views\periksa.php(38): CodeIgniter\Debug\Exceptions->errorHandler(2, 'Undefined variable $Nama', 'C:\\Users\\faris dzulfiqar\\Documents\\codeigniter4-framework-2849e7f\\app\\Views\\periksa.php', 38)
 2 SYSTEMPATH\View\View.php(234): include('C:\\Users\\faris dzulfiqar\\Documents\\codeigniter4-framework-2849e7f\\app\\Views\\periksa.php')
 3 SYSTEMPATH\View\View.php(237): CodeIgniter\View\View->CodeIgniter\View\{closure}()
 4 SYSTEMPATH\Common.php(1171): CodeIgniter\View\View->render('periksa', [], true)
 5 APPPATH\Controllers\PeriksaController.php(12): view('periksa')
 6 SYSTEMPATH\CodeIgniter.php(933): App\Controllers\PeriksaController->index()
 7 SYSTEMPATH\CodeIgniter.php(509): CodeIgniter\CodeIgniter->runController(Object(App\Controllers\PeriksaController))
 8 SYSTEMPATH\CodeIgniter.php(355): CodeIgniter\CodeIgniter->handleRequest(null, Object(Config\Cache), false)
 9 SYSTEMPATH\Boot.php(325): CodeIgniter\CodeIgniter->run()
10 SYSTEMPATH\Boot.php(67): CodeIgniter\Boot::runCodeIgniter(Object(CodeIgniter\CodeIgniter))
11 FCPATH\index.php(56): CodeIgniter\Boot::bootWeb(Object(Config\Paths))
12 SYSTEMPATH\rewrite.php(44): require_once('C:\\Users\\faris dzulfiqar\\Documents\\codeigniter4-framework-2849e7f\\public\\index.php')
CRITICAL - 2024-11-14 04:01:01 --> ErrorException: Undefined variable $Nama
[Method: GET, Route: pasien]
in APPPATH\Views\pasien.php on line 38.
 1 APPPATH\Views\pasien.php(38): CodeIgniter\Debug\Exceptions->errorHandler(2, 'Undefined variable $Nama', 'C:\\Users\\faris dzulfiqar\\Documents\\codeigniter4-framework-2849e7f\\app\\Views\\pasien.php', 38)
 2 SYSTEMPATH\View\View.php(234): include('C:\\Users\\faris dzulfiqar\\Documents\\codeigniter4-framework-2849e7f\\app\\Views\\pasien.php')
 3 SYSTEMPATH\View\View.php(237): CodeIgniter\View\View->CodeIgniter\View\{closure}()
 4 SYSTEMPATH\Common.php(1171): CodeIgniter\View\View->render('pasien', [], true)
 5 APPPATH\Controllers\PasienController.php(12): view('pasien')
 6 SYSTEMPATH\CodeIgniter.php(933): App\Controllers\PasienController->index()
 7 SYSTEMPATH\CodeIgniter.php(509): CodeIgniter\CodeIgniter->runController(Object(App\Controllers\PasienController))
 8 SYSTEMPATH\CodeIgniter.php(355): CodeIgniter\CodeIgniter->handleRequest(null, Object(Config\Cache), false)
 9 SYSTEMPATH\Boot.php(325): CodeIgniter\CodeIgniter->run()
10 SYSTEMPATH\Boot.php(67): CodeIgniter\Boot::runCodeIgniter(Object(CodeIgniter\CodeIgniter))
11 FCPATH\index.php(56): CodeIgniter\Boot::bootWeb(Object(Config\Paths))
12 SYSTEMPATH\rewrite.php(44): require_once('C:\\Users\\faris dzulfiqar\\Documents\\codeigniter4-framework-2849e7f\\public\\index.php')
CRITICAL - 2024-11-14 04:02:20 --> ErrorException: Undefined variable $Nama
[Method: GET, Route: pasien]
in APPPATH\Views\pasien.php on line 38.
 1 APPPATH\Views\pasien.php(38): CodeIgniter\Debug\Exceptions->errorHandler(2, 'Undefined variable $Nama', 'C:\\Users\\faris dzulfiqar\\Documents\\codeigniter4-framework-2849e7f\\app\\Views\\pasien.php', 38)
 2 SYSTEMPATH\View\View.php(234): include('C:\\Users\\faris dzulfiqar\\Documents\\codeigniter4-framework-2849e7f\\app\\Views\\pasien.php')
 3 SYSTEMPATH\View\View.php(237): CodeIgniter\View\View->CodeIgniter\View\{closure}()
 4 SYSTEMPATH\Common.php(1171): CodeIgniter\View\View->render('pasien', [], true)
 5 APPPATH\Controllers\PasienController.php(12): view('pasien')
 6 SYSTEMPATH\CodeIgniter.php(933): App\Controllers\PasienController->index()
 7 SYSTEMPATH\CodeIgniter.php(509): CodeIgniter\CodeIgniter->runController(Object(App\Controllers\PasienController))
 8 SYSTEMPATH\CodeIgniter.php(355): CodeIgniter\CodeIgniter->handleRequest(null, Object(Config\Cache), false)
 9 SYSTEMPATH\Boot.php(325): CodeIgniter\CodeIgniter->run()
10 SYSTEMPATH\Boot.php(67): CodeIgniter\Boot::runCodeIgniter(Object(CodeIgniter\CodeIgniter))
11 FCPATH\index.php(56): CodeIgniter\Boot::bootWeb(Object(Config\Paths))
12 SYSTEMPATH\rewrite.php(44): require_once('C:\\Users\\faris dzulfiqar\\Documents\\codeigniter4-framework-2849e7f\\public\\index.php')
CRITICAL - 2024-11-14 04:20:29 --> mysqli_sql_exception: Access denied for user 'username'@'localhost' (using password: YES)
[Method: GET, Route: pasien]
in APPPATH\Views\pasien.php on line 18.
 1 APPPATH\Views\pasien.php(18): mysqli_connect('localhost', 'username', Object(SensitiveParameterValue), 'nama_database')
 2 SYSTEMPATH\View\View.php(234): include('C:\\Users\\faris dzulfiqar\\Documents\\codeigniter4-framework-2849e7f\\app\\Views\\pasien.php')
 3 SYSTEMPATH\View\View.php(237): CodeIgniter\View\View->CodeIgniter\View\{closure}()
 4 SYSTEMPATH\Common.php(1171): CodeIgniter\View\View->render('pasien', [], true)
 5 APPPATH\Controllers\PasienController.php(12): view('pasien')
 6 SYSTEMPATH\CodeIgniter.php(933): App\Controllers\PasienController->index()
 7 SYSTEMPATH\CodeIgniter.php(509): CodeIgniter\CodeIgniter->runController(Object(App\Controllers\PasienController))
 8 SYSTEMPATH\CodeIgniter.php(355): CodeIgniter\CodeIgniter->handleRequest(null, Object(Config\Cache), false)
 9 SYSTEMPATH\Boot.php(325): CodeIgniter\CodeIgniter->run()
10 SYSTEMPATH\Boot.php(67): CodeIgniter\Boot::runCodeIgniter(Object(CodeIgniter\CodeIgniter))
11 FCPATH\index.php(56): CodeIgniter\Boot::bootWeb(Object(Config\Paths))
12 SYSTEMPATH\rewrite.php(44): require_once('C:\\Users\\faris dzulfiqar\\Documents\\codeigniter4-framework-2849e7f\\public\\index.php')
CRITICAL - 2024-11-14 04:20:35 --> mysqli_sql_exception: Access denied for user 'username'@'localhost' (using password: YES)
[Method: GET, Route: pasien]
in APPPATH\Views\pasien.php on line 18.
 1 APPPATH\Views\pasien.php(18): mysqli_connect('localhost', 'username', Object(SensitiveParameterValue), 'nama_database')
 2 SYSTEMPATH\View\View.php(234): include('C:\\Users\\faris dzulfiqar\\Documents\\codeigniter4-framework-2849e7f\\app\\Views\\pasien.php')
 3 SYSTEMPATH\View\View.php(237): CodeIgniter\View\View->CodeIgniter\View\{closure}()
 4 SYSTEMPATH\Common.php(1171): CodeIgniter\View\View->render('pasien', [], true)
 5 APPPATH\Controllers\PasienController.php(12): view('pasien')
 6 SYSTEMPATH\CodeIgniter.php(933): App\Controllers\PasienController->index()
 7 SYSTEMPATH\CodeIgniter.php(509): CodeIgniter\CodeIgniter->runController(Object(App\Controllers\PasienController))
 8 SYSTEMPATH\CodeIgniter.php(355): CodeIgniter\CodeIgniter->handleRequest(null, Object(Config\Cache), false)
 9 SYSTEMPATH\Boot.php(325): CodeIgniter\CodeIgniter->run()
10 SYSTEMPATH\Boot.php(67): CodeIgniter\Boot::runCodeIgniter(Object(CodeIgniter\CodeIgniter))
11 FCPATH\index.php(56): CodeIgniter\Boot::bootWeb(Object(Config\Paths))
12 SYSTEMPATH\rewrite.php(44): require_once('C:\\Users\\faris dzulfiqar\\Documents\\codeigniter4-framework-2849e7f\\public\\index.php')
CRITICAL - 2024-11-14 04:21:56 --> mysqli_sql_exception: Access denied for user 'root'@'localhost' (using password: YES)
[Method: GET, Route: pasien]
in APPPATH\Views\pasien.php on line 18.
 1 APPPATH\Views\pasien.php(18): mysqli_connect('localhost', 'root', Object(SensitiveParameterValue))
 2 SYSTEMPATH\View\View.php(234): include('C:\\Users\\faris dzulfiqar\\Documents\\codeigniter4-framework-2849e7f\\app\\Views\\pasien.php')
 3 SYSTEMPATH\View\View.php(237): CodeIgniter\View\View->CodeIgniter\View\{closure}()
 4 SYSTEMPATH\Common.php(1171): CodeIgniter\View\View->render('pasien', [], true)
 5 APPPATH\Controllers\PasienController.php(12): view('pasien')
 6 SYSTEMPATH\CodeIgniter.php(933): App\Controllers\PasienController->index()
 7 SYSTEMPATH\CodeIgniter.php(509): CodeIgniter\CodeIgniter->runController(Object(App\Controllers\PasienController))
 8 SYSTEMPATH\CodeIgniter.php(355): CodeIgniter\CodeIgniter->handleRequest(null, Object(Config\Cache), false)
 9 SYSTEMPATH\Boot.php(325): CodeIgniter\CodeIgniter->run()
10 SYSTEMPATH\Boot.php(67): CodeIgniter\Boot::runCodeIgniter(Object(CodeIgniter\CodeIgniter))
11 FCPATH\index.php(56): CodeIgniter\Boot::bootWeb(Object(Config\Paths))
12 SYSTEMPATH\rewrite.php(44): require_once('C:\\Users\\faris dzulfiqar\\Documents\\codeigniter4-framework-2849e7f\\public\\index.php')
CRITICAL - 2024-11-14 04:22:32 --> mysqli_sql_exception: Access denied for user 'root'@'localhost' (using password: YES)
[Method: GET, Route: pasien]
in APPPATH\Views\pasien.php on line 18.
 1 APPPATH\Views\pasien.php(18): mysqli_connect('localhost', 'root', Object(SensitiveParameterValue), 'poliklinik')
 2 SYSTEMPATH\View\View.php(234): include('C:\\Users\\faris dzulfiqar\\Documents\\codeigniter4-framework-2849e7f\\app\\Views\\pasien.php')
 3 SYSTEMPATH\View\View.php(237): CodeIgniter\View\View->CodeIgniter\View\{closure}()
 4 SYSTEMPATH\Common.php(1171): CodeIgniter\View\View->render('pasien', [], true)
 5 APPPATH\Controllers\PasienController.php(12): view('pasien')
 6 SYSTEMPATH\CodeIgniter.php(933): App\Controllers\PasienController->index()
 7 SYSTEMPATH\CodeIgniter.php(509): CodeIgniter\CodeIgniter->runController(Object(App\Controllers\PasienController))
 8 SYSTEMPATH\CodeIgniter.php(355): CodeIgniter\CodeIgniter->handleRequest(null, Object(Config\Cache), false)
 9 SYSTEMPATH\Boot.php(325): CodeIgniter\CodeIgniter->run()
10 SYSTEMPATH\Boot.php(67): CodeIgniter\Boot::runCodeIgniter(Object(CodeIgniter\CodeIgniter))
11 FCPATH\index.php(56): CodeIgniter\Boot::bootWeb(Object(Config\Paths))
12 SYSTEMPATH\rewrite.php(44): require_once('C:\\Users\\faris dzulfiqar\\Documents\\codeigniter4-framework-2849e7f\\public\\index.php')
CRITICAL - 2024-11-14 04:23:14 --> ErrorException: Undefined variable $mysqli
[Method: GET, Route: pasien]
in APPPATH\Views\pasien.php on line 42.
 1 APPPATH\Views\pasien.php(42): CodeIgniter\Debug\Exceptions->errorHandler(2, 'Undefined variable $mysqli', 'C:\\Users\\faris dzulfiqar\\Documents\\codeigniter4-framework-2849e7f\\app\\Views\\pasien.php', 42)
 2 SYSTEMPATH\View\View.php(234): include('C:\\Users\\faris dzulfiqar\\Documents\\codeigniter4-framework-2849e7f\\app\\Views\\pasien.php')
 3 SYSTEMPATH\View\View.php(237): CodeIgniter\View\View->CodeIgniter\View\{closure}()
 4 SYSTEMPATH\Common.php(1171): CodeIgniter\View\View->render('pasien', [], true)
 5 APPPATH\Controllers\PasienController.php(12): view('pasien')
 6 SYSTEMPATH\CodeIgniter.php(933): App\Controllers\PasienController->index()
 7 SYSTEMPATH\CodeIgniter.php(509): CodeIgniter\CodeIgniter->runController(Object(App\Controllers\PasienController))
 8 SYSTEMPATH\CodeIgniter.php(355): CodeIgniter\CodeIgniter->handleRequest(null, Object(Config\Cache), false)
 9 SYSTEMPATH\Boot.php(325): CodeIgniter\CodeIgniter->run()
10 SYSTEMPATH\Boot.php(67): CodeIgniter\Boot::runCodeIgniter(Object(CodeIgniter\CodeIgniter))
11 FCPATH\index.php(56): CodeIgniter\Boot::bootWeb(Object(Config\Paths))
12 SYSTEMPATH\rewrite.php(44): require_once('C:\\Users\\faris dzulfiqar\\Documents\\codeigniter4-framework-2849e7f\\public\\index.php')
CRITICAL - 2024-11-14 04:24:09 --> ErrorException: Undefined variable $NO_HP
[Method: GET, Route: pasien]
in APPPATH\Views\pasien.php on line 62.
 1 APPPATH\Views\pasien.php(62): CodeIgniter\Debug\Exceptions->errorHandler(2, 'Undefined variable $NO_HP', 'C:\\Users\\faris dzulfiqar\\Documents\\codeigniter4-framework-2849e7f\\app\\Views\\pasien.php', 62)
 2 SYSTEMPATH\View\View.php(234): include('C:\\Users\\faris dzulfiqar\\Documents\\codeigniter4-framework-2849e7f\\app\\Views\\pasien.php')
 3 SYSTEMPATH\View\View.php(237): CodeIgniter\View\View->CodeIgniter\View\{closure}()
 4 SYSTEMPATH\Common.php(1171): CodeIgniter\View\View->render('pasien', [], true)
 5 APPPATH\Controllers\PasienController.php(12): view('pasien')
 6 SYSTEMPATH\CodeIgniter.php(933): App\Controllers\PasienController->index()
 7 SYSTEMPATH\CodeIgniter.php(509): CodeIgniter\CodeIgniter->runController(Object(App\Controllers\PasienController))
 8 SYSTEMPATH\CodeIgniter.php(355): CodeIgniter\CodeIgniter->handleRequest(null, Object(Config\Cache), false)
 9 SYSTEMPATH\Boot.php(325): CodeIgniter\CodeIgniter->run()
10 SYSTEMPATH\Boot.php(67): CodeIgniter\Boot::runCodeIgniter(Object(CodeIgniter\CodeIgniter))
11 FCPATH\index.php(56): CodeIgniter\Boot::bootWeb(Object(Config\Paths))
12 SYSTEMPATH\rewrite.php(44): require_once('C:\\Users\\faris dzulfiqar\\Documents\\codeigniter4-framework-2849e7f\\public\\index.php')
CRITICAL - 2024-11-14 06:09:01 --> ParseError: syntax error, unexpected token "="
[Method: GET, Route: periksa]
in APPPATH\Views\periksa.php on line 32.
 1 SYSTEMPATH\View\View.php(237): CodeIgniter\View\View->CodeIgniter\View\{closure}()
 2 SYSTEMPATH\Common.php(1171): CodeIgniter\View\View->render('periksa', [], true)
 3 APPPATH\Controllers\PeriksaController.php(12): view('periksa')
 4 SYSTEMPATH\CodeIgniter.php(933): App\Controllers\PeriksaController->index()
 5 SYSTEMPATH\CodeIgniter.php(509): CodeIgniter\CodeIgniter->runController(Object(App\Controllers\PeriksaController))
 6 SYSTEMPATH\CodeIgniter.php(355): CodeIgniter\CodeIgniter->handleRequest(null, Object(Config\Cache), false)
 7 SYSTEMPATH\Boot.php(325): CodeIgniter\CodeIgniter->run()
 8 SYSTEMPATH\Boot.php(67): CodeIgniter\Boot::runCodeIgniter(Object(CodeIgniter\CodeIgniter))
 9 FCPATH\index.php(56): CodeIgniter\Boot::bootWeb(Object(Config\Paths))
10 SYSTEMPATH\rewrite.php(44): require_once('C:\\Users\\faris dzulfiqar\\Documents\\codeigniter4-framework-2849e7f\\public\\index.php')
CRITICAL - 2024-11-14 06:21:05 --> ErrorException: Undefined variable $mysqli
[Method: GET, Route: periksa]
in APPPATH\Views\periksa.php on line 20.
 1 APPPATH\Views\periksa.php(20): CodeIgniter\Debug\Exceptions->errorHandler(2, 'Undefined variable $mysqli', 'C:\\Users\\faris dzulfiqar\\Documents\\codeigniter4-framework-2849e7f\\app\\Views\\periksa.php', 20)
 2 SYSTEMPATH\View\View.php(234): include('C:\\Users\\faris dzulfiqar\\Documents\\codeigniter4-framework-2849e7f\\app\\Views\\periksa.php')
 3 SYSTEMPATH\View\View.php(237): CodeIgniter\View\View->CodeIgniter\View\{closure}()
 4 SYSTEMPATH\Common.php(1171): CodeIgniter\View\View->render('periksa', [], true)
 5 APPPATH\Controllers\PeriksaController.php(12): view('periksa')
 6 SYSTEMPATH\CodeIgniter.php(933): App\Controllers\PeriksaController->index()
 7 SYSTEMPATH\CodeIgniter.php(509): CodeIgniter\CodeIgniter->runController(Object(App\Controllers\PeriksaController))
 8 SYSTEMPATH\CodeIgniter.php(355): CodeIgniter\CodeIgniter->handleRequest(null, Object(Config\Cache), false)
 9 SYSTEMPATH\Boot.php(325): CodeIgniter\CodeIgniter->run()
10 SYSTEMPATH\Boot.php(67): CodeIgniter\Boot::runCodeIgniter(Object(CodeIgniter\CodeIgniter))
11 FCPATH\index.php(56): CodeIgniter\Boot::bootWeb(Object(Config\Paths))
12 SYSTEMPATH\rewrite.php(44): require_once('C:\\Users\\faris dzulfiqar\\Documents\\codeigniter4-framework-2849e7f\\public\\index.php')
CRITICAL - 2024-11-14 06:42:47 --> ErrorException: Undefined variable $mysqli
[Method: GET, Route: periksa]
in APPPATH\Views\periksa.php on line 20.
 1 APPPATH\Views\periksa.php(20): CodeIgniter\Debug\Exceptions->errorHandler(2, 'Undefined variable $mysqli', 'C:\\Users\\faris dzulfiqar\\Documents\\codeigniter4-framework-2849e7f\\app\\Views\\periksa.php', 20)
 2 SYSTEMPATH\View\View.php(234): include('C:\\Users\\faris dzulfiqar\\Documents\\codeigniter4-framework-2849e7f\\app\\Views\\periksa.php')
 3 SYSTEMPATH\View\View.php(237): CodeIgniter\View\View->CodeIgniter\View\{closure}()
 4 SYSTEMPATH\Common.php(1171): CodeIgniter\View\View->render('periksa', [], true)
 5 APPPATH\Controllers\PeriksaController.php(12): view('periksa')
 6 SYSTEMPATH\CodeIgniter.php(933): App\Controllers\PeriksaController->index()
 7 SYSTEMPATH\CodeIgniter.php(509): CodeIgniter\CodeIgniter->runController(Object(App\Controllers\PeriksaController))
 8 SYSTEMPATH\CodeIgniter.php(355): CodeIgniter\CodeIgniter->handleRequest(null, Object(Config\Cache), false)
 9 SYSTEMPATH\Boot.php(325): CodeIgniter\CodeIgniter->run()
10 SYSTEMPATH\Boot.php(67): CodeIgniter\Boot::runCodeIgniter(Object(CodeIgniter\CodeIgniter))
11 FCPATH\index.php(56): CodeIgniter\Boot::bootWeb(Object(Config\Paths))
12 SYSTEMPATH\rewrite.php(44): require_once('C:\\Users\\faris dzulfiqar\\Documents\\codeigniter4-framework-2849e7f\\public\\index.php')
CRITICAL - 2024-11-14 06:47:41 --> ErrorException: Undefined variable $mysqli
[Method: GET, Route: periksa]
in APPPATH\Views\periksa.php on line 64.
 1 APPPATH\Views\periksa.php(64): CodeIgniter\Debug\Exceptions->errorHandler(2, 'Undefined variable $mysqli', 'C:\\Users\\faris dzulfiqar\\Documents\\codeigniter4-framework-2849e7f\\app\\Views\\periksa.php', 64)
 2 SYSTEMPATH\View\View.php(234): include('C:\\Users\\faris dzulfiqar\\Documents\\codeigniter4-framework-2849e7f\\app\\Views\\periksa.php')
 3 SYSTEMPATH\View\View.php(237): CodeIgniter\View\View->CodeIgniter\View\{closure}()
 4 SYSTEMPATH\Common.php(1171): CodeIgniter\View\View->render('periksa', [], true)
 5 APPPATH\Controllers\PeriksaController.php(12): view('periksa')
 6 SYSTEMPATH\CodeIgniter.php(933): App\Controllers\PeriksaController->index()
 7 SYSTEMPATH\CodeIgniter.php(509): CodeIgniter\CodeIgniter->runController(Object(App\Controllers\PeriksaController))
 8 SYSTEMPATH\CodeIgniter.php(355): CodeIgniter\CodeIgniter->handleRequest(null, Object(Config\Cache), false)
 9 SYSTEMPATH\Boot.php(325): CodeIgniter\CodeIgniter->run()
10 SYSTEMPATH\Boot.php(67): CodeIgniter\Boot::runCodeIgniter(Object(CodeIgniter\CodeIgniter))
11 FCPATH\index.php(56): CodeIgniter\Boot::bootWeb(Object(Config\Paths))
12 SYSTEMPATH\rewrite.php(44): require_once('C:\\Users\\faris dzulfiqar\\Documents\\codeigniter4-framework-2849e7f\\public\\index.php')
CRITICAL - 2024-11-14 06:57:01 --> ErrorException: Undefined variable $mysqli
[Method: GET, Route: periksa]
in APPPATH\Views\periksa.php on line 54.
 1 APPPATH\Views\periksa.php(54): CodeIgniter\Debug\Exceptions->errorHandler(2, 'Undefined variable $mysqli', 'C:\\Users\\faris dzulfiqar\\Documents\\codeigniter4-framework-2849e7f\\app\\Views\\periksa.php', 54)
 2 SYSTEMPATH\View\View.php(234): include('C:\\Users\\faris dzulfiqar\\Documents\\codeigniter4-framework-2849e7f\\app\\Views\\periksa.php')
 3 SYSTEMPATH\View\View.php(237): CodeIgniter\View\View->CodeIgniter\View\{closure}()
 4 SYSTEMPATH\Common.php(1171): CodeIgniter\View\View->render('periksa', [], true)
 5 APPPATH\Controllers\PeriksaController.php(12): view('periksa')
 6 SYSTEMPATH\CodeIgniter.php(933): App\Controllers\PeriksaController->index()
 7 SYSTEMPATH\CodeIgniter.php(509): CodeIgniter\CodeIgniter->runController(Object(App\Controllers\PeriksaController))
 8 SYSTEMPATH\CodeIgniter.php(355): CodeIgniter\CodeIgniter->handleRequest(null, Object(Config\Cache), false)
 9 SYSTEMPATH\Boot.php(325): CodeIgniter\CodeIgniter->run()
10 SYSTEMPATH\Boot.php(67): CodeIgniter\Boot::runCodeIgniter(Object(CodeIgniter\CodeIgniter))
11 FCPATH\index.php(56): CodeIgniter\Boot::bootWeb(Object(Config\Paths))
12 SYSTEMPATH\rewrite.php(44): require_once('C:\\Users\\faris dzulfiqar\\Documents\\codeigniter4-framework-2849e7f\\public\\index.php')
CRITICAL - 2024-11-14 06:58:07 --> ErrorException: Undefined variable $mysqli
[Method: GET, Route: periksa]
in APPPATH\Views\periksa.php on line 52.
 1 APPPATH\Views\periksa.php(52): CodeIgniter\Debug\Exceptions->errorHandler(2, 'Undefined variable $mysqli', 'C:\\Users\\faris dzulfiqar\\Documents\\codeigniter4-framework-2849e7f\\app\\Views\\periksa.php', 52)
 2 SYSTEMPATH\View\View.php(234): include('C:\\Users\\faris dzulfiqar\\Documents\\codeigniter4-framework-2849e7f\\app\\Views\\periksa.php')
 3 SYSTEMPATH\View\View.php(237): CodeIgniter\View\View->CodeIgniter\View\{closure}()
 4 SYSTEMPATH\Common.php(1171): CodeIgniter\View\View->render('periksa', [], true)
 5 APPPATH\Controllers\PeriksaController.php(12): view('periksa')
 6 SYSTEMPATH\CodeIgniter.php(933): App\Controllers\PeriksaController->index()
 7 SYSTEMPATH\CodeIgniter.php(509): CodeIgniter\CodeIgniter->runController(Object(App\Controllers\PeriksaController))
 8 SYSTEMPATH\CodeIgniter.php(355): CodeIgniter\CodeIgniter->handleRequest(null, Object(Config\Cache), false)
 9 SYSTEMPATH\Boot.php(325): CodeIgniter\CodeIgniter->run()
10 SYSTEMPATH\Boot.php(67): CodeIgniter\Boot::runCodeIgniter(Object(CodeIgniter\CodeIgniter))
11 FCPATH\index.php(56): CodeIgniter\Boot::bootWeb(Object(Config\Paths))
12 SYSTEMPATH\rewrite.php(44): require_once('C:\\Users\\faris dzulfiqar\\Documents\\codeigniter4-framework-2849e7f\\public\\index.php')
CRITICAL - 2024-11-14 08:13:57 --> Error: Class "App\Controllers\PasienModel" not found
[Method: GET, Route: periksa]
in APPPATH\Controllers\PeriksaController.php on line 17.
 1 SYSTEMPATH\CodeIgniter.php(933): App\Controllers\PeriksaController->index()
 2 SYSTEMPATH\CodeIgniter.php(509): CodeIgniter\CodeIgniter->runController(Object(App\Controllers\PeriksaController))
 3 SYSTEMPATH\CodeIgniter.php(355): CodeIgniter\CodeIgniter->handleRequest(null, Object(Config\Cache), false)
 4 SYSTEMPATH\Boot.php(325): CodeIgniter\CodeIgniter->run()
 5 SYSTEMPATH\Boot.php(67): CodeIgniter\Boot::runCodeIgniter(Object(CodeIgniter\CodeIgniter))
 6 FCPATH\index.php(56): CodeIgniter\Boot::bootWeb(Object(Config\Paths))
 7 SYSTEMPATH\rewrite.php(44): require_once('C:\\Users\\faris dzulfiqar\\Documents\\codeigniter4-framework-2849e7f\\public\\index.php')
CRITICAL - 2024-11-14 08:15:35 --> Error: Class "App\Controllers\PasienModel" not found
[Method: POST, Route: pasien]
in APPPATH\Controllers\PeriksaController.php on line 25.
 1 SYSTEMPATH\CodeIgniter.php(933): App\Controllers\PeriksaController->savePasien()
 2 SYSTEMPATH\CodeIgniter.php(509): CodeIgniter\CodeIgniter->runController(Object(App\Controllers\PeriksaController))
 3 SYSTEMPATH\CodeIgniter.php(355): CodeIgniter\CodeIgniter->handleRequest(null, Object(Config\Cache), false)
 4 SYSTEMPATH\Boot.php(325): CodeIgniter\CodeIgniter->run()
 5 SYSTEMPATH\Boot.php(67): CodeIgniter\Boot::runCodeIgniter(Object(CodeIgniter\CodeIgniter))
 6 FCPATH\index.php(56): CodeIgniter\Boot::bootWeb(Object(Config\Paths))
 7 SYSTEMPATH\rewrite.php(44): require_once('C:\\Users\\faris dzulfiqar\\Documents\\codeigniter4-framework-2849e7f\\public\\index.php')
INFO - 2024-11-14 12:25:19 --> Session: Class initialized using 'CodeIgniter\Session\Handlers\FileHandler' driver.
CRITICAL - 2024-11-14 12:25:19 --> CodeIgniter\View\Exceptions\ViewException: Invalid file: "form_template.php"
[Method: GET, Route: pasien]
in SYSTEMPATH\Exceptions\FrameworkException.php on line 41.
 1 SYSTEMPATH\View\View.php(222): CodeIgniter\Exceptions\FrameworkException::forInvalidFile('form_template.php')
 2 SYSTEMPATH\Common.php(1171): CodeIgniter\View\View->render('form_template', [], true)
 3 APPPATH\Controllers\PasienController.php(20): view('form_template', [...])
 4 SYSTEMPATH\CodeIgniter.php(933): App\Controllers\PasienController->index()
 5 SYSTEMPATH\CodeIgniter.php(509): CodeIgniter\CodeIgniter->runController(Object(App\Controllers\PasienController))
 6 SYSTEMPATH\CodeIgniter.php(355): CodeIgniter\CodeIgniter->handleRequest(null, Object(Config\Cache), false)
 7 SYSTEMPATH\Boot.php(325): CodeIgniter\CodeIgniter->run()
 8 SYSTEMPATH\Boot.php(67): CodeIgniter\Boot::runCodeIgniter(Object(CodeIgniter\CodeIgniter))
 9 FCPATH\index.php(56): CodeIgniter\Boot::bootWeb(Object(Config\Paths))
10 SYSTEMPATH\rewrite.php(44): require_once('C:\\Users\\faris dzulfiqar\\Documents\\codeigniter4-framework-2849e7f\\public\\index.php')
INFO - 2024-11-14 12:25:27 --> Session: Class initialized using 'CodeIgniter\Session\Handlers\FileHandler' driver.
CRITICAL - 2024-11-14 12:25:27 --> CodeIgniter\View\Exceptions\ViewException: Invalid file: "form_template.php"
[Method: GET, Route: pasien]
in SYSTEMPATH\Exceptions\FrameworkException.php on line 41.
 1 SYSTEMPATH\View\View.php(222): CodeIgniter\Exceptions\FrameworkException::forInvalidFile('form_template.php')
 2 SYSTEMPATH\Common.php(1171): CodeIgniter\View\View->render('form_template', [], true)
 3 APPPATH\Controllers\PasienController.php(20): view('form_template', [...])
 4 SYSTEMPATH\CodeIgniter.php(933): App\Controllers\PasienController->index()
 5 SYSTEMPATH\CodeIgniter.php(509): CodeIgniter\CodeIgniter->runController(Object(App\Controllers\PasienController))
 6 SYSTEMPATH\CodeIgniter.php(355): CodeIgniter\CodeIgniter->handleRequest(null, Object(Config\Cache), false)
 7 SYSTEMPATH\Boot.php(325): CodeIgniter\CodeIgniter->run()
 8 SYSTEMPATH\Boot.php(67): CodeIgniter\Boot::runCodeIgniter(Object(CodeIgniter\CodeIgniter))
 9 FCPATH\index.php(56): CodeIgniter\Boot::bootWeb(Object(Config\Paths))
10 SYSTEMPATH\rewrite.php(44): require_once('C:\\Users\\faris dzulfiqar\\Documents\\codeigniter4-framework-2849e7f\\public\\index.php')
INFO - 2024-11-14 12:26:04 --> Session: Class initialized using 'CodeIgniter\Session\Handlers\FileHandler' driver.
ERROR - 2024-11-14 12:26:12 --> mysqli_sql_exception: Unknown column 'NoHP' in 'field list' in C:\Users\faris dzulfiqar\Documents\codeigniter4-framework-2849e7f\system\Database\MySQLi\Connection.php:312
Stack trace:
#0 C:\Users\faris dzulfiqar\Documents\codeigniter4-framework-2849e7f\system\Database\MySQLi\Connection.php(312): mysqli->query('INSERT INTO `pa...', 0)
#1 C:\Users\faris dzulfiqar\Documents\codeigniter4-framework-2849e7f\system\Database\BaseConnection.php(734): CodeIgniter\Database\MySQLi\Connection->execute('INSERT INTO `pa...')
#2 C:\Users\faris dzulfiqar\Documents\codeigniter4-framework-2849e7f\system\Database\BaseConnection.php(648): CodeIgniter\Database\BaseConnection->simpleQuery('INSERT INTO `pa...')
#3 C:\Users\faris dzulfiqar\Documents\codeigniter4-framework-2849e7f\system\Database\BaseBuilder.php(2340): CodeIgniter\Database\BaseConnection->query('INSERT INTO `pa...', Array, false)
#4 C:\Users\faris dzulfiqar\Documents\codeigniter4-framework-2849e7f\app\Controllers\PasienController.php(33): CodeIgniter\Database\BaseBuilder->insert(Array)
#5 C:\Users\faris dzulfiqar\Documents\codeigniter4-framework-2849e7f\system\CodeIgniter.php(933): App\Controllers\PasienController->savePasien()
#6 C:\Users\faris dzulfiqar\Documents\codeigniter4-framework-2849e7f\system\CodeIgniter.php(509): CodeIgniter\CodeIgniter->runController(Object(App\Controllers\PasienController))
#7 C:\Users\faris dzulfiqar\Documents\codeigniter4-framework-2849e7f\system\CodeIgniter.php(355): CodeIgniter\CodeIgniter->handleRequest(NULL, Object(Config\Cache), false)
#8 C:\Users\faris dzulfiqar\Documents\codeigniter4-framework-2849e7f\system\Boot.php(325): CodeIgniter\CodeIgniter->run()
#9 C:\Users\faris dzulfiqar\Documents\codeigniter4-framework-2849e7f\system\Boot.php(67): CodeIgniter\Boot::runCodeIgniter(Object(CodeIgniter\CodeIgniter))
#10 C:\Users\faris dzulfiqar\Documents\codeigniter4-framework-2849e7f\public\index.php(56): CodeIgniter\Boot::bootWeb(Object(Config\Paths))
#11 C:\Users\faris dzulfiqar\Documents\codeigniter4-framework-2849e7f\system\rewrite.php(44): require_once('C:\\Users\\faris ...')
#12 {main}
CRITICAL - 2024-11-14 12:26:12 --> CodeIgniter\Database\Exceptions\DatabaseException: Unknown column 'NoHP' in 'field list'
[Method: POST, Route: pasien/save]
in SYSTEMPATH\Database\BaseConnection.php on line 688.
 1 SYSTEMPATH\Database\BaseBuilder.php(2340): CodeIgniter\Database\BaseConnection->query('INSERT INTO `pasien` (`Nama`, `Alamat`, `NoHP`) VALUES (:Nama:, :Alamat:, :NoHP:)', [...], false)
 2 APPPATH\Controllers\PasienController.php(33): CodeIgniter\Database\BaseBuilder->insert([...])
 3 SYSTEMPATH\CodeIgniter.php(933): App\Controllers\PasienController->savePasien()
 4 SYSTEMPATH\CodeIgniter.php(509): CodeIgniter\CodeIgniter->runController(Object(App\Controllers\PasienController))
 5 SYSTEMPATH\CodeIgniter.php(355): CodeIgniter\CodeIgniter->handleRequest(null, Object(Config\Cache), false)
 6 SYSTEMPATH\Boot.php(325): CodeIgniter\CodeIgniter->run()
 7 SYSTEMPATH\Boot.php(67): CodeIgniter\Boot::runCodeIgniter(Object(CodeIgniter\CodeIgniter))
 8 FCPATH\index.php(56): CodeIgniter\Boot::bootWeb(Object(Config\Paths))
 9 SYSTEMPATH\rewrite.php(44): require_once('C:\\Users\\faris dzulfiqar\\Documents\\codeigniter4-framework-2849e7f\\public\\index.php')
CRITICAL - 2024-11-14 12:26:12 --> [Caused by] CodeIgniter\Database\Exceptions\DatabaseException: Unknown column 'NoHP' in 'field list'
in SYSTEMPATH\Database\MySQLi\Connection.php on line 317.
 1 SYSTEMPATH\Database\BaseConnection.php(734): CodeIgniter\Database\MySQLi\Connection->execute('INSERT INTO `pasien` (`Nama`, `Alamat`, `NoHP`) VALUES (\'Dono\', \'semarang barat\', \'0811234567\')')
 2 SYSTEMPATH\Database\BaseConnection.php(648): CodeIgniter\Database\BaseConnection->simpleQuery('INSERT INTO `pasien` (`Nama`, `Alamat`, `NoHP`) VALUES (\'Dono\', \'semarang barat\', \'0811234567\')')
 3 SYSTEMPATH\Database\BaseBuilder.php(2340): CodeIgniter\Database\BaseConnection->query('INSERT INTO `pasien` (`Nama`, `Alamat`, `NoHP`) VALUES (:Nama:, :Alamat:, :NoHP:)', [...], false)
 4 APPPATH\Controllers\PasienController.php(33): CodeIgniter\Database\BaseBuilder->insert([...])
 5 SYSTEMPATH\CodeIgniter.php(933): App\Controllers\PasienController->savePasien()
 6 SYSTEMPATH\CodeIgniter.php(509): CodeIgniter\CodeIgniter->runController(Object(App\Controllers\PasienController))
 7 SYSTEMPATH\CodeIgniter.php(355): CodeIgniter\CodeIgniter->handleRequest(null, Object(Config\Cache), false)
 8 SYSTEMPATH\Boot.php(325): CodeIgniter\CodeIgniter->run()
 9 SYSTEMPATH\Boot.php(67): CodeIgniter\Boot::runCodeIgniter(Object(CodeIgniter\CodeIgniter))
10 FCPATH\index.php(56): CodeIgniter\Boot::bootWeb(Object(Config\Paths))
11 SYSTEMPATH\rewrite.php(44): require_once('C:\\Users\\faris dzulfiqar\\Documents\\codeigniter4-framework-2849e7f\\public\\index.php')
CRITICAL - 2024-11-14 12:26:12 --> [Caused by] mysqli_sql_exception: Unknown column 'NoHP' in 'field list'
in SYSTEMPATH\Database\MySQLi\Connection.php on line 312.
 1 SYSTEMPATH\Database\MySQLi\Connection.php(312): mysqli->query('INSERT INTO `pasien` (`Nama`, `Alamat`, `NoHP`) VALUES (\'Dono\', \'semarang barat\', \'0811234567\')', 0)
 2 SYSTEMPATH\Database\BaseConnection.php(734): CodeIgniter\Database\MySQLi\Connection->execute('INSERT INTO `pasien` (`Nama`, `Alamat`, `NoHP`) VALUES (\'Dono\', \'semarang barat\', \'0811234567\')')
 3 SYSTEMPATH\Database\BaseConnection.php(648): CodeIgniter\Database\BaseConnection->simpleQuery('INSERT INTO `pasien` (`Nama`, `Alamat`, `NoHP`) VALUES (\'Dono\', \'semarang barat\', \'0811234567\')')
 4 SYSTEMPATH\Database\BaseBuilder.php(2340): CodeIgniter\Database\BaseConnection->query('INSERT INTO `pasien` (`Nama`, `Alamat`, `NoHP`) VALUES (:Nama:, :Alamat:, :NoHP:)', [...], false)
 5 APPPATH\Controllers\PasienController.php(33): CodeIgniter\Database\BaseBuilder->insert([...])
 6 SYSTEMPATH\CodeIgniter.php(933): App\Controllers\PasienController->savePasien()
 7 SYSTEMPATH\CodeIgniter.php(509): CodeIgniter\CodeIgniter->runController(Object(App\Controllers\PasienController))
 8 SYSTEMPATH\CodeIgniter.php(355): CodeIgniter\CodeIgniter->handleRequest(null, Object(Config\Cache), false)
 9 SYSTEMPATH\Boot.php(325): CodeIgniter\CodeIgniter->run()
10 SYSTEMPATH\Boot.php(67): CodeIgniter\Boot::runCodeIgniter(Object(CodeIgniter\CodeIgniter))
11 FCPATH\index.php(56): CodeIgniter\Boot::bootWeb(Object(Config\Paths))
12 SYSTEMPATH\rewrite.php(44): require_once('C:\\Users\\faris dzulfiqar\\Documents\\codeigniter4-framework-2849e7f\\public\\index.php')
INFO - 2024-11-14 12:32:10 --> Session: Class initialized using 'CodeIgniter\Session\Handlers\FileHandler' driver.
INFO - 2024-11-14 12:32:11 --> Session: Class initialized using 'CodeIgniter\Session\Handlers\FileHandler' driver.
ERROR - 2024-11-14 12:32:16 --> mysqli_sql_exception: Unknown column 'NoHP' in 'field list' in C:\Users\faris dzulfiqar\Documents\codeigniter4-framework-2849e7f\system\Database\MySQLi\Connection.php:312
Stack trace:
#0 C:\Users\faris dzulfiqar\Documents\codeigniter4-framework-2849e7f\system\Database\MySQLi\Connection.php(312): mysqli->query('INSERT INTO `pa...', 0)
#1 C:\Users\faris dzulfiqar\Documents\codeigniter4-framework-2849e7f\system\Database\BaseConnection.php(734): CodeIgniter\Database\MySQLi\Connection->execute('INSERT INTO `pa...')
#2 C:\Users\faris dzulfiqar\Documents\codeigniter4-framework-2849e7f\system\Database\BaseConnection.php(648): CodeIgniter\Database\BaseConnection->simpleQuery('INSERT INTO `pa...')
#3 C:\Users\faris dzulfiqar\Documents\codeigniter4-framework-2849e7f\system\Database\BaseBuilder.php(2340): CodeIgniter\Database\BaseConnection->query('INSERT INTO `pa...', Array, false)
#4 C:\Users\faris dzulfiqar\Documents\codeigniter4-framework-2849e7f\app\Controllers\PasienController.php(33): CodeIgniter\Database\BaseBuilder->insert(Array)
#5 C:\Users\faris dzulfiqar\Documents\codeigniter4-framework-2849e7f\system\CodeIgniter.php(933): App\Controllers\PasienController->savePasien()
#6 C:\Users\faris dzulfiqar\Documents\codeigniter4-framework-2849e7f\system\CodeIgniter.php(509): CodeIgniter\CodeIgniter->runController(Object(App\Controllers\PasienController))
#7 C:\Users\faris dzulfiqar\Documents\codeigniter4-framework-2849e7f\system\CodeIgniter.php(355): CodeIgniter\CodeIgniter->handleRequest(NULL, Object(Config\Cache), false)
#8 C:\Users\faris dzulfiqar\Documents\codeigniter4-framework-2849e7f\system\Boot.php(325): CodeIgniter\CodeIgniter->run()
#9 C:\Users\faris dzulfiqar\Documents\codeigniter4-framework-2849e7f\system\Boot.php(67): CodeIgniter\Boot::runCodeIgniter(Object(CodeIgniter\CodeIgniter))
#10 C:\Users\faris dzulfiqar\Documents\codeigniter4-framework-2849e7f\public\index.php(56): CodeIgniter\Boot::bootWeb(Object(Config\Paths))
#11 C:\Users\faris dzulfiqar\Documents\codeigniter4-framework-2849e7f\system\rewrite.php(44): require_once('C:\\Users\\faris ...')
#12 {main}
CRITICAL - 2024-11-14 12:32:16 --> CodeIgniter\Database\Exceptions\DatabaseException: Unknown column 'NoHP' in 'field list'
[Method: POST, Route: pasien/save]
in SYSTEMPATH\Database\BaseConnection.php on line 688.
 1 SYSTEMPATH\Database\BaseBuilder.php(2340): CodeIgniter\Database\BaseConnection->query('INSERT INTO `pasien` (`Nama`, `Alamat`, `NoHP`) VALUES (:Nama:, :Alamat:, :NoHP:)', [...], false)
 2 APPPATH\Controllers\PasienController.php(33): CodeIgniter\Database\BaseBuilder->insert([...])
 3 SYSTEMPATH\CodeIgniter.php(933): App\Controllers\PasienController->savePasien()
 4 SYSTEMPATH\CodeIgniter.php(509): CodeIgniter\CodeIgniter->runController(Object(App\Controllers\PasienController))
 5 SYSTEMPATH\CodeIgniter.php(355): CodeIgniter\CodeIgniter->handleRequest(null, Object(Config\Cache), false)
 6 SYSTEMPATH\Boot.php(325): CodeIgniter\CodeIgniter->run()
 7 SYSTEMPATH\Boot.php(67): CodeIgniter\Boot::runCodeIgniter(Object(CodeIgniter\CodeIgniter))
 8 FCPATH\index.php(56): CodeIgniter\Boot::bootWeb(Object(Config\Paths))
 9 SYSTEMPATH\rewrite.php(44): require_once('C:\\Users\\faris dzulfiqar\\Documents\\codeigniter4-framework-2849e7f\\public\\index.php')
CRITICAL - 2024-11-14 12:32:16 --> [Caused by] CodeIgniter\Database\Exceptions\DatabaseException: Unknown column 'NoHP' in 'field list'
in SYSTEMPATH\Database\MySQLi\Connection.php on line 317.
 1 SYSTEMPATH\Database\BaseConnection.php(734): CodeIgniter\Database\MySQLi\Connection->execute('INSERT INTO `pasien` (`Nama`, `Alamat`, `NoHP`) VALUES (\'Dono\', \'semarang barat\', \'0811234567\')')
 2 SYSTEMPATH\Database\BaseConnection.php(648): CodeIgniter\Database\BaseConnection->simpleQuery('INSERT INTO `pasien` (`Nama`, `Alamat`, `NoHP`) VALUES (\'Dono\', \'semarang barat\', \'0811234567\')')
 3 SYSTEMPATH\Database\BaseBuilder.php(2340): CodeIgniter\Database\BaseConnection->query('INSERT INTO `pasien` (`Nama`, `Alamat`, `NoHP`) VALUES (:Nama:, :Alamat:, :NoHP:)', [...], false)
 4 APPPATH\Controllers\PasienController.php(33): CodeIgniter\Database\BaseBuilder->insert([...])
 5 SYSTEMPATH\CodeIgniter.php(933): App\Controllers\PasienController->savePasien()
 6 SYSTEMPATH\CodeIgniter.php(509): CodeIgniter\CodeIgniter->runController(Object(App\Controllers\PasienController))
 7 SYSTEMPATH\CodeIgniter.php(355): CodeIgniter\CodeIgniter->handleRequest(null, Object(Config\Cache), false)
 8 SYSTEMPATH\Boot.php(325): CodeIgniter\CodeIgniter->run()
 9 SYSTEMPATH\Boot.php(67): CodeIgniter\Boot::runCodeIgniter(Object(CodeIgniter\CodeIgniter))
10 FCPATH\index.php(56): CodeIgniter\Boot::bootWeb(Object(Config\Paths))
11 SYSTEMPATH\rewrite.php(44): require_once('C:\\Users\\faris dzulfiqar\\Documents\\codeigniter4-framework-2849e7f\\public\\index.php')
CRITICAL - 2024-11-14 12:32:16 --> [Caused by] mysqli_sql_exception: Unknown column 'NoHP' in 'field list'
in SYSTEMPATH\Database\MySQLi\Connection.php on line 312.
 1 SYSTEMPATH\Database\MySQLi\Connection.php(312): mysqli->query('INSERT INTO `pasien` (`Nama`, `Alamat`, `NoHP`) VALUES (\'Dono\', \'semarang barat\', \'0811234567\')', 0)
 2 SYSTEMPATH\Database\BaseConnection.php(734): CodeIgniter\Database\MySQLi\Connection->execute('INSERT INTO `pasien` (`Nama`, `Alamat`, `NoHP`) VALUES (\'Dono\', \'semarang barat\', \'0811234567\')')
 3 SYSTEMPATH\Database\BaseConnection.php(648): CodeIgniter\Database\BaseConnection->simpleQuery('INSERT INTO `pasien` (`Nama`, `Alamat`, `NoHP`) VALUES (\'Dono\', \'semarang barat\', \'0811234567\')')
 4 SYSTEMPATH\Database\BaseBuilder.php(2340): CodeIgniter\Database\BaseConnection->query('INSERT INTO `pasien` (`Nama`, `Alamat`, `NoHP`) VALUES (:Nama:, :Alamat:, :NoHP:)', [...], false)
 5 APPPATH\Controllers\PasienController.php(33): CodeIgniter\Database\BaseBuilder->insert([...])
 6 SYSTEMPATH\CodeIgniter.php(933): App\Controllers\PasienController->savePasien()
 7 SYSTEMPATH\CodeIgniter.php(509): CodeIgniter\CodeIgniter->runController(Object(App\Controllers\PasienController))
 8 SYSTEMPATH\CodeIgniter.php(355): CodeIgniter\CodeIgniter->handleRequest(null, Object(Config\Cache), false)
 9 SYSTEMPATH\Boot.php(325): CodeIgniter\CodeIgniter->run()
10 SYSTEMPATH\Boot.php(67): CodeIgniter\Boot::runCodeIgniter(Object(CodeIgniter\CodeIgniter))
11 FCPATH\index.php(56): CodeIgniter\Boot::bootWeb(Object(Config\Paths))
12 SYSTEMPATH\rewrite.php(44): require_once('C:\\Users\\faris dzulfiqar\\Documents\\codeigniter4-framework-2849e7f\\public\\index.php')
INFO - 2024-11-14 12:32:20 --> Session: Class initialized using 'CodeIgniter\Session\Handlers\FileHandler' driver.
INFO - 2024-11-14 12:32:27 --> Session: Class initialized using 'CodeIgniter\Session\Handlers\FileHandler' driver.
ERROR - 2024-11-14 12:32:31 --> mysqli_sql_exception: Unknown column 'NoHP' in 'field list' in C:\Users\faris dzulfiqar\Documents\codeigniter4-framework-2849e7f\system\Database\MySQLi\Connection.php:312
Stack trace:
#0 C:\Users\faris dzulfiqar\Documents\codeigniter4-framework-2849e7f\system\Database\MySQLi\Connection.php(312): mysqli->query('INSERT INTO `pa...', 0)
#1 C:\Users\faris dzulfiqar\Documents\codeigniter4-framework-2849e7f\system\Database\BaseConnection.php(734): CodeIgniter\Database\MySQLi\Connection->execute('INSERT INTO `pa...')
#2 C:\Users\faris dzulfiqar\Documents\codeigniter4-framework-2849e7f\system\Database\BaseConnection.php(648): CodeIgniter\Database\BaseConnection->simpleQuery('INSERT INTO `pa...')
#3 C:\Users\faris dzulfiqar\Documents\codeigniter4-framework-2849e7f\system\Database\BaseBuilder.php(2340): CodeIgniter\Database\BaseConnection->query('INSERT INTO `pa...', Array, false)
#4 C:\Users\faris dzulfiqar\Documents\codeigniter4-framework-2849e7f\app\Controllers\PasienController.php(33): CodeIgniter\Database\BaseBuilder->insert(Array)
#5 C:\Users\faris dzulfiqar\Documents\codeigniter4-framework-2849e7f\system\CodeIgniter.php(933): App\Controllers\PasienController->savePasien()
#6 C:\Users\faris dzulfiqar\Documents\codeigniter4-framework-2849e7f\system\CodeIgniter.php(509): CodeIgniter\CodeIgniter->runController(Object(App\Controllers\PasienController))
#7 C:\Users\faris dzulfiqar\Documents\codeigniter4-framework-2849e7f\system\CodeIgniter.php(355): CodeIgniter\CodeIgniter->handleRequest(NULL, Object(Config\Cache), false)
#8 C:\Users\faris dzulfiqar\Documents\codeigniter4-framework-2849e7f\system\Boot.php(325): CodeIgniter\CodeIgniter->run()
#9 C:\Users\faris dzulfiqar\Documents\codeigniter4-framework-2849e7f\system\Boot.php(67): CodeIgniter\Boot::runCodeIgniter(Object(CodeIgniter\CodeIgniter))
#10 C:\Users\faris dzulfiqar\Documents\codeigniter4-framework-2849e7f\public\index.php(56): CodeIgniter\Boot::bootWeb(Object(Config\Paths))
#11 C:\Users\faris dzulfiqar\Documents\codeigniter4-framework-2849e7f\system\rewrite.php(44): require_once('C:\\Users\\faris ...')
#12 {main}
CRITICAL - 2024-11-14 12:32:31 --> CodeIgniter\Database\Exceptions\DatabaseException: Unknown column 'NoHP' in 'field list'
[Method: POST, Route: pasien/save]
in SYSTEMPATH\Database\BaseConnection.php on line 688.
 1 SYSTEMPATH\Database\BaseBuilder.php(2340): CodeIgniter\Database\BaseConnection->query('INSERT INTO `pasien` (`Nama`, `Alamat`, `NoHP`) VALUES (:Nama:, :Alamat:, :NoHP:)', [...], false)
 2 APPPATH\Controllers\PasienController.php(33): CodeIgniter\Database\BaseBuilder->insert([...])
 3 SYSTEMPATH\CodeIgniter.php(933): App\Controllers\PasienController->savePasien()
 4 SYSTEMPATH\CodeIgniter.php(509): CodeIgniter\CodeIgniter->runController(Object(App\Controllers\PasienController))
 5 SYSTEMPATH\CodeIgniter.php(355): CodeIgniter\CodeIgniter->handleRequest(null, Object(Config\Cache), false)
 6 SYSTEMPATH\Boot.php(325): CodeIgniter\CodeIgniter->run()
 7 SYSTEMPATH\Boot.php(67): CodeIgniter\Boot::runCodeIgniter(Object(CodeIgniter\CodeIgniter))
 8 FCPATH\index.php(56): CodeIgniter\Boot::bootWeb(Object(Config\Paths))
 9 SYSTEMPATH\rewrite.php(44): require_once('C:\\Users\\faris dzulfiqar\\Documents\\codeigniter4-framework-2849e7f\\public\\index.php')
CRITICAL - 2024-11-14 12:32:31 --> [Caused by] CodeIgniter\Database\Exceptions\DatabaseException: Unknown column 'NoHP' in 'field list'
in SYSTEMPATH\Database\MySQLi\Connection.php on line 317.
 1 SYSTEMPATH\Database\BaseConnection.php(734): CodeIgniter\Database\MySQLi\Connection->execute('INSERT INTO `pasien` (`Nama`, `Alamat`, `NoHP`) VALUES (\'Dono\', \'semarang barat\', \'0811234567\')')
 2 SYSTEMPATH\Database\BaseConnection.php(648): CodeIgniter\Database\BaseConnection->simpleQuery('INSERT INTO `pasien` (`Nama`, `Alamat`, `NoHP`) VALUES (\'Dono\', \'semarang barat\', \'0811234567\')')
 3 SYSTEMPATH\Database\BaseBuilder.php(2340): CodeIgniter\Database\BaseConnection->query('INSERT INTO `pasien` (`Nama`, `Alamat`, `NoHP`) VALUES (:Nama:, :Alamat:, :NoHP:)', [...], false)
 4 APPPATH\Controllers\PasienController.php(33): CodeIgniter\Database\BaseBuilder->insert([...])
 5 SYSTEMPATH\CodeIgniter.php(933): App\Controllers\PasienController->savePasien()
 6 SYSTEMPATH\CodeIgniter.php(509): CodeIgniter\CodeIgniter->runController(Object(App\Controllers\PasienController))
 7 SYSTEMPATH\CodeIgniter.php(355): CodeIgniter\CodeIgniter->handleRequest(null, Object(Config\Cache), false)
 8 SYSTEMPATH\Boot.php(325): CodeIgniter\CodeIgniter->run()
 9 SYSTEMPATH\Boot.php(67): CodeIgniter\Boot::runCodeIgniter(Object(CodeIgniter\CodeIgniter))
10 FCPATH\index.php(56): CodeIgniter\Boot::bootWeb(Object(Config\Paths))
11 SYSTEMPATH\rewrite.php(44): require_once('C:\\Users\\faris dzulfiqar\\Documents\\codeigniter4-framework-2849e7f\\public\\index.php')
CRITICAL - 2024-11-14 12:32:31 --> [Caused by] mysqli_sql_exception: Unknown column 'NoHP' in 'field list'
in SYSTEMPATH\Database\MySQLi\Connection.php on line 312.
 1 SYSTEMPATH\Database\MySQLi\Connection.php(312): mysqli->query('INSERT INTO `pasien` (`Nama`, `Alamat`, `NoHP`) VALUES (\'Dono\', \'semarang barat\', \'0811234567\')', 0)
 2 SYSTEMPATH\Database\BaseConnection.php(734): CodeIgniter\Database\MySQLi\Connection->execute('INSERT INTO `pasien` (`Nama`, `Alamat`, `NoHP`) VALUES (\'Dono\', \'semarang barat\', \'0811234567\')')
 3 SYSTEMPATH\Database\BaseConnection.php(648): CodeIgniter\Database\BaseConnection->simpleQuery('INSERT INTO `pasien` (`Nama`, `Alamat`, `NoHP`) VALUES (\'Dono\', \'semarang barat\', \'0811234567\')')
 4 SYSTEMPATH\Database\BaseBuilder.php(2340): CodeIgniter\Database\BaseConnection->query('INSERT INTO `pasien` (`Nama`, `Alamat`, `NoHP`) VALUES (:Nama:, :Alamat:, :NoHP:)', [...], false)
 5 APPPATH\Controllers\PasienController.php(33): CodeIgniter\Database\BaseBuilder->insert([...])
 6 SYSTEMPATH\CodeIgniter.php(933): App\Controllers\PasienController->savePasien()
 7 SYSTEMPATH\CodeIgniter.php(509): CodeIgniter\CodeIgniter->runController(Object(App\Controllers\PasienController))
 8 SYSTEMPATH\CodeIgniter.php(355): CodeIgniter\CodeIgniter->handleRequest(null, Object(Config\Cache), false)
 9 SYSTEMPATH\Boot.php(325): CodeIgniter\CodeIgniter->run()
10 SYSTEMPATH\Boot.php(67): CodeIgniter\Boot::runCodeIgniter(Object(CodeIgniter\CodeIgniter))
11 FCPATH\index.php(56): CodeIgniter\Boot::bootWeb(Object(Config\Paths))
12 SYSTEMPATH\rewrite.php(44): require_once('C:\\Users\\faris dzulfiqar\\Documents\\codeigniter4-framework-2849e7f\\public\\index.php')
INFO - 2024-11-14 12:32:53 --> Session: Class initialized using 'CodeIgniter\Session\Handlers\FileHandler' driver.
ERROR - 2024-11-14 12:32:57 --> mysqli_sql_exception: Unknown column 'NoHP' in 'field list' in C:\Users\faris dzulfiqar\Documents\codeigniter4-framework-2849e7f\system\Database\MySQLi\Connection.php:312
Stack trace:
#0 C:\Users\faris dzulfiqar\Documents\codeigniter4-framework-2849e7f\system\Database\MySQLi\Connection.php(312): mysqli->query('INSERT INTO `pa...', 0)
#1 C:\Users\faris dzulfiqar\Documents\codeigniter4-framework-2849e7f\system\Database\BaseConnection.php(734): CodeIgniter\Database\MySQLi\Connection->execute('INSERT INTO `pa...')
#2 C:\Users\faris dzulfiqar\Documents\codeigniter4-framework-2849e7f\system\Database\BaseConnection.php(648): CodeIgniter\Database\BaseConnection->simpleQuery('INSERT INTO `pa...')
#3 C:\Users\faris dzulfiqar\Documents\codeigniter4-framework-2849e7f\system\Database\BaseBuilder.php(2340): CodeIgniter\Database\BaseConnection->query('INSERT INTO `pa...', Array, false)
#4 C:\Users\faris dzulfiqar\Documents\codeigniter4-framework-2849e7f\app\Controllers\PasienController.php(33): CodeIgniter\Database\BaseBuilder->insert(Array)
#5 C:\Users\faris dzulfiqar\Documents\codeigniter4-framework-2849e7f\system\CodeIgniter.php(933): App\Controllers\PasienController->savePasien()
#6 C:\Users\faris dzulfiqar\Documents\codeigniter4-framework-2849e7f\system\CodeIgniter.php(509): CodeIgniter\CodeIgniter->runController(Object(App\Controllers\PasienController))
#7 C:\Users\faris dzulfiqar\Documents\codeigniter4-framework-2849e7f\system\CodeIgniter.php(355): CodeIgniter\CodeIgniter->handleRequest(NULL, Object(Config\Cache), false)
#8 C:\Users\faris dzulfiqar\Documents\codeigniter4-framework-2849e7f\system\Boot.php(325): CodeIgniter\CodeIgniter->run()
#9 C:\Users\faris dzulfiqar\Documents\codeigniter4-framework-2849e7f\system\Boot.php(67): CodeIgniter\Boot::runCodeIgniter(Object(CodeIgniter\CodeIgniter))
#10 C:\Users\faris dzulfiqar\Documents\codeigniter4-framework-2849e7f\public\index.php(56): CodeIgniter\Boot::bootWeb(Object(Config\Paths))
#11 C:\Users\faris dzulfiqar\Documents\codeigniter4-framework-2849e7f\system\rewrite.php(44): require_once('C:\\Users\\faris ...')
#12 {main}
CRITICAL - 2024-11-14 12:32:57 --> CodeIgniter\Database\Exceptions\DatabaseException: Unknown column 'NoHP' in 'field list'
[Method: POST, Route: pasien/save]
in SYSTEMPATH\Database\BaseConnection.php on line 688.
 1 SYSTEMPATH\Database\BaseBuilder.php(2340): CodeIgniter\Database\BaseConnection->query('INSERT INTO `pasien` (`Nama`, `Alamat`, `NoHP`) VALUES (:Nama:, :Alamat:, :NoHP:)', [...], false)
 2 APPPATH\Controllers\PasienController.php(33): CodeIgniter\Database\BaseBuilder->insert([...])
 3 SYSTEMPATH\CodeIgniter.php(933): App\Controllers\PasienController->savePasien()
 4 SYSTEMPATH\CodeIgniter.php(509): CodeIgniter\CodeIgniter->runController(Object(App\Controllers\PasienController))
 5 SYSTEMPATH\CodeIgniter.php(355): CodeIgniter\CodeIgniter->handleRequest(null, Object(Config\Cache), false)
 6 SYSTEMPATH\Boot.php(325): CodeIgniter\CodeIgniter->run()
 7 SYSTEMPATH\Boot.php(67): CodeIgniter\Boot::runCodeIgniter(Object(CodeIgniter\CodeIgniter))
 8 FCPATH\index.php(56): CodeIgniter\Boot::bootWeb(Object(Config\Paths))
 9 SYSTEMPATH\rewrite.php(44): require_once('C:\\Users\\faris dzulfiqar\\Documents\\codeigniter4-framework-2849e7f\\public\\index.php')
CRITICAL - 2024-11-14 12:32:57 --> [Caused by] CodeIgniter\Database\Exceptions\DatabaseException: Unknown column 'NoHP' in 'field list'
in SYSTEMPATH\Database\MySQLi\Connection.php on line 317.
 1 SYSTEMPATH\Database\BaseConnection.php(734): CodeIgniter\Database\MySQLi\Connection->execute('INSERT INTO `pasien` (`Nama`, `Alamat`, `NoHP`) VALUES (\'Dono\', \'semarang barat\', \'0811234567\')')
 2 SYSTEMPATH\Database\BaseConnection.php(648): CodeIgniter\Database\BaseConnection->simpleQuery('INSERT INTO `pasien` (`Nama`, `Alamat`, `NoHP`) VALUES (\'Dono\', \'semarang barat\', \'0811234567\')')
 3 SYSTEMPATH\Database\BaseBuilder.php(2340): CodeIgniter\Database\BaseConnection->query('INSERT INTO `pasien` (`Nama`, `Alamat`, `NoHP`) VALUES (:Nama:, :Alamat:, :NoHP:)', [...], false)
 4 APPPATH\Controllers\PasienController.php(33): CodeIgniter\Database\BaseBuilder->insert([...])
 5 SYSTEMPATH\CodeIgniter.php(933): App\Controllers\PasienController->savePasien()
 6 SYSTEMPATH\CodeIgniter.php(509): CodeIgniter\CodeIgniter->runController(Object(App\Controllers\PasienController))
 7 SYSTEMPATH\CodeIgniter.php(355): CodeIgniter\CodeIgniter->handleRequest(null, Object(Config\Cache), false)
 8 SYSTEMPATH\Boot.php(325): CodeIgniter\CodeIgniter->run()
 9 SYSTEMPATH\Boot.php(67): CodeIgniter\Boot::runCodeIgniter(Object(CodeIgniter\CodeIgniter))
10 FCPATH\index.php(56): CodeIgniter\Boot::bootWeb(Object(Config\Paths))
11 SYSTEMPATH\rewrite.php(44): require_once('C:\\Users\\faris dzulfiqar\\Documents\\codeigniter4-framework-2849e7f\\public\\index.php')
CRITICAL - 2024-11-14 12:32:57 --> [Caused by] mysqli_sql_exception: Unknown column 'NoHP' in 'field list'
in SYSTEMPATH\Database\MySQLi\Connection.php on line 312.
 1 SYSTEMPATH\Database\MySQLi\Connection.php(312): mysqli->query('INSERT INTO `pasien` (`Nama`, `Alamat`, `NoHP`) VALUES (\'Dono\', \'semarang barat\', \'0811234567\')', 0)
 2 SYSTEMPATH\Database\BaseConnection.php(734): CodeIgniter\Database\MySQLi\Connection->execute('INSERT INTO `pasien` (`Nama`, `Alamat`, `NoHP`) VALUES (\'Dono\', \'semarang barat\', \'0811234567\')')
 3 SYSTEMPATH\Database\BaseConnection.php(648): CodeIgniter\Database\BaseConnection->simpleQuery('INSERT INTO `pasien` (`Nama`, `Alamat`, `NoHP`) VALUES (\'Dono\', \'semarang barat\', \'0811234567\')')
 4 SYSTEMPATH\Database\BaseBuilder.php(2340): CodeIgniter\Database\BaseConnection->query('INSERT INTO `pasien` (`Nama`, `Alamat`, `NoHP`) VALUES (:Nama:, :Alamat:, :NoHP:)', [...], false)
 5 APPPATH\Controllers\PasienController.php(33): CodeIgniter\Database\BaseBuilder->insert([...])
 6 SYSTEMPATH\CodeIgniter.php(933): App\Controllers\PasienController->savePasien()
 7 SYSTEMPATH\CodeIgniter.php(509): CodeIgniter\CodeIgniter->runController(Object(App\Controllers\PasienController))
 8 SYSTEMPATH\CodeIgniter.php(355): CodeIgniter\CodeIgniter->handleRequest(null, Object(Config\Cache), false)
 9 SYSTEMPATH\Boot.php(325): CodeIgniter\CodeIgniter->run()
10 SYSTEMPATH\Boot.php(67): CodeIgniter\Boot::runCodeIgniter(Object(CodeIgniter\CodeIgniter))
11 FCPATH\index.php(56): CodeIgniter\Boot::bootWeb(Object(Config\Paths))
12 SYSTEMPATH\rewrite.php(44): require_once('C:\\Users\\faris dzulfiqar\\Documents\\codeigniter4-framework-2849e7f\\public\\index.php')
INFO - 2024-11-14 12:33:27 --> Session: Class initialized using 'CodeIgniter\Session\Handlers\FileHandler' driver.
INFO - 2024-11-14 12:33:28 --> Session: Class initialized using 'CodeIgniter\Session\Handlers\FileHandler' driver.
ERROR - 2024-11-14 12:33:38 --> mysqli_sql_exception: Unknown column 'NoHP' in 'field list' in C:\Users\faris dzulfiqar\Documents\codeigniter4-framework-2849e7f\system\Database\MySQLi\Connection.php:312
Stack trace:
#0 C:\Users\faris dzulfiqar\Documents\codeigniter4-framework-2849e7f\system\Database\MySQLi\Connection.php(312): mysqli->query('INSERT INTO `pa...', 0)
#1 C:\Users\faris dzulfiqar\Documents\codeigniter4-framework-2849e7f\system\Database\BaseConnection.php(734): CodeIgniter\Database\MySQLi\Connection->execute('INSERT INTO `pa...')
#2 C:\Users\faris dzulfiqar\Documents\codeigniter4-framework-2849e7f\system\Database\BaseConnection.php(648): CodeIgniter\Database\BaseConnection->simpleQuery('INSERT INTO `pa...')
#3 C:\Users\faris dzulfiqar\Documents\codeigniter4-framework-2849e7f\system\Database\BaseBuilder.php(2340): CodeIgniter\Database\BaseConnection->query('INSERT INTO `pa...', Array, false)
#4 C:\Users\faris dzulfiqar\Documents\codeigniter4-framework-2849e7f\app\Controllers\PasienController.php(33): CodeIgniter\Database\BaseBuilder->insert(Array)
#5 C:\Users\faris dzulfiqar\Documents\codeigniter4-framework-2849e7f\system\CodeIgniter.php(933): App\Controllers\PasienController->savePasien()
#6 C:\Users\faris dzulfiqar\Documents\codeigniter4-framework-2849e7f\system\CodeIgniter.php(509): CodeIgniter\CodeIgniter->runController(Object(App\Controllers\PasienController))
#7 C:\Users\faris dzulfiqar\Documents\codeigniter4-framework-2849e7f\system\CodeIgniter.php(355): CodeIgniter\CodeIgniter->handleRequest(NULL, Object(Config\Cache), false)
#8 C:\Users\faris dzulfiqar\Documents\codeigniter4-framework-2849e7f\system\Boot.php(325): CodeIgniter\CodeIgniter->run()
#9 C:\Users\faris dzulfiqar\Documents\codeigniter4-framework-2849e7f\system\Boot.php(67): CodeIgniter\Boot::runCodeIgniter(Object(CodeIgniter\CodeIgniter))
#10 C:\Users\faris dzulfiqar\Documents\codeigniter4-framework-2849e7f\public\index.php(56): CodeIgniter\Boot::bootWeb(Object(Config\Paths))
#11 C:\Users\faris dzulfiqar\Documents\codeigniter4-framework-2849e7f\system\rewrite.php(44): require_once('C:\\Users\\faris ...')
#12 {main}
CRITICAL - 2024-11-14 12:33:38 --> CodeIgniter\Database\Exceptions\DatabaseException: Unknown column 'NoHP' in 'field list'
[Method: POST, Route: pasien/save]
in SYSTEMPATH\Database\BaseConnection.php on line 688.
 1 SYSTEMPATH\Database\BaseBuilder.php(2340): CodeIgniter\Database\BaseConnection->query('INSERT INTO `pasien` (`Nama`, `Alamat`, `NoHP`) VALUES (:Nama:, :Alamat:, :NoHP:)', [...], false)
 2 APPPATH\Controllers\PasienController.php(33): CodeIgniter\Database\BaseBuilder->insert([...])
 3 SYSTEMPATH\CodeIgniter.php(933): App\Controllers\PasienController->savePasien()
 4 SYSTEMPATH\CodeIgniter.php(509): CodeIgniter\CodeIgniter->runController(Object(App\Controllers\PasienController))
 5 SYSTEMPATH\CodeIgniter.php(355): CodeIgniter\CodeIgniter->handleRequest(null, Object(Config\Cache), false)
 6 SYSTEMPATH\Boot.php(325): CodeIgniter\CodeIgniter->run()
 7 SYSTEMPATH\Boot.php(67): CodeIgniter\Boot::runCodeIgniter(Object(CodeIgniter\CodeIgniter))
 8 FCPATH\index.php(56): CodeIgniter\Boot::bootWeb(Object(Config\Paths))
 9 SYSTEMPATH\rewrite.php(44): require_once('C:\\Users\\faris dzulfiqar\\Documents\\codeigniter4-framework-2849e7f\\public\\index.php')
CRITICAL - 2024-11-14 12:33:38 --> [Caused by] CodeIgniter\Database\Exceptions\DatabaseException: Unknown column 'NoHP' in 'field list'
in SYSTEMPATH\Database\MySQLi\Connection.php on line 317.
 1 SYSTEMPATH\Database\BaseConnection.php(734): CodeIgniter\Database\MySQLi\Connection->execute('INSERT INTO `pasien` (`Nama`, `Alamat`, `NoHP`) VALUES (\'Dono\', \'semarang barat\', NULL)')
 2 SYSTEMPATH\Database\BaseConnection.php(648): CodeIgniter\Database\BaseConnection->simpleQuery('INSERT INTO `pasien` (`Nama`, `Alamat`, `NoHP`) VALUES (\'Dono\', \'semarang barat\', NULL)')
 3 SYSTEMPATH\Database\BaseBuilder.php(2340): CodeIgniter\Database\BaseConnection->query('INSERT INTO `pasien` (`Nama`, `Alamat`, `NoHP`) VALUES (:Nama:, :Alamat:, :NoHP:)', [...], false)
 4 APPPATH\Controllers\PasienController.php(33): CodeIgniter\Database\BaseBuilder->insert([...])
 5 SYSTEMPATH\CodeIgniter.php(933): App\Controllers\PasienController->savePasien()
 6 SYSTEMPATH\CodeIgniter.php(509): CodeIgniter\CodeIgniter->runController(Object(App\Controllers\PasienController))
 7 SYSTEMPATH\CodeIgniter.php(355): CodeIgniter\CodeIgniter->handleRequest(null, Object(Config\Cache), false)
 8 SYSTEMPATH\Boot.php(325): CodeIgniter\CodeIgniter->run()
 9 SYSTEMPATH\Boot.php(67): CodeIgniter\Boot::runCodeIgniter(Object(CodeIgniter\CodeIgniter))
10 FCPATH\index.php(56): CodeIgniter\Boot::bootWeb(Object(Config\Paths))
11 SYSTEMPATH\rewrite.php(44): require_once('C:\\Users\\faris dzulfiqar\\Documents\\codeigniter4-framework-2849e7f\\public\\index.php')
CRITICAL - 2024-11-14 12:33:38 --> [Caused by] mysqli_sql_exception: Unknown column 'NoHP' in 'field list'
in SYSTEMPATH\Database\MySQLi\Connection.php on line 312.
 1 SYSTEMPATH\Database\MySQLi\Connection.php(312): mysqli->query('INSERT INTO `pasien` (`Nama`, `Alamat`, `NoHP`) VALUES (\'Dono\', \'semarang barat\', NULL)', 0)
 2 SYSTEMPATH\Database\BaseConnection.php(734): CodeIgniter\Database\MySQLi\Connection->execute('INSERT INTO `pasien` (`Nama`, `Alamat`, `NoHP`) VALUES (\'Dono\', \'semarang barat\', NULL)')
 3 SYSTEMPATH\Database\BaseConnection.php(648): CodeIgniter\Database\BaseConnection->simpleQuery('INSERT INTO `pasien` (`Nama`, `Alamat`, `NoHP`) VALUES (\'Dono\', \'semarang barat\', NULL)')
 4 SYSTEMPATH\Database\BaseBuilder.php(2340): CodeIgniter\Database\BaseConnection->query('INSERT INTO `pasien` (`Nama`, `Alamat`, `NoHP`) VALUES (:Nama:, :Alamat:, :NoHP:)', [...], false)
 5 APPPATH\Controllers\PasienController.php(33): CodeIgniter\Database\BaseBuilder->insert([...])
 6 SYSTEMPATH\CodeIgniter.php(933): App\Controllers\PasienController->savePasien()
 7 SYSTEMPATH\CodeIgniter.php(509): CodeIgniter\CodeIgniter->runController(Object(App\Controllers\PasienController))
 8 SYSTEMPATH\CodeIgniter.php(355): CodeIgniter\CodeIgniter->handleRequest(null, Object(Config\Cache), false)
 9 SYSTEMPATH\Boot.php(325): CodeIgniter\CodeIgniter->run()
10 SYSTEMPATH\Boot.php(67): CodeIgniter\Boot::runCodeIgniter(Object(CodeIgniter\CodeIgniter))
11 FCPATH\index.php(56): CodeIgniter\Boot::bootWeb(Object(Config\Paths))
12 SYSTEMPATH\rewrite.php(44): require_once('C:\\Users\\faris dzulfiqar\\Documents\\codeigniter4-framework-2849e7f\\public\\index.php')
INFO - 2024-11-14 12:42:00 --> Session: Class initialized using 'CodeIgniter\Session\Handlers\FileHandler' driver.
INFO - 2024-11-14 12:42:01 --> Session: Class initialized using 'CodeIgniter\Session\Handlers\FileHandler' driver.
INFO - 2024-11-14 12:42:02 --> Session: Class initialized using 'CodeIgniter\Session\Handlers\FileHandler' driver.
INFO - 2024-11-14 12:42:06 --> Session: Class initialized using 'CodeIgniter\Session\Handlers\FileHandler' driver.
INFO - 2024-11-14 12:42:06 --> Session: Class initialized using 'CodeIgniter\Session\Handlers\FileHandler' driver.
INFO - 2024-11-14 12:42:09 --> Session: Class initialized using 'CodeIgniter\Session\Handlers\FileHandler' driver.
INFO - 2024-11-14 13:14:25 --> Session: Class initialized using 'CodeIgniter\Session\Handlers\FileHandler' driver.
CRITICAL - 2024-11-14 13:14:25 --> ErrorException: Undefined variable $mysqli
[Method: GET, Route: pasien]
in APPPATH\Views\pasien.php on line 117.
 1 APPPATH\Views\pasien.php(117): CodeIgniter\Debug\Exceptions->errorHandler(2, 'Undefined variable $mysqli', 'C:\\Users\\faris dzulfiqar\\Documents\\codeigniter4-framework-2849e7f\\app\\Views\\pasien.php', 117)
 2 SYSTEMPATH\View\View.php(234): include('C:\\Users\\faris dzulfiqar\\Documents\\codeigniter4-framework-2849e7f\\app\\Views\\pasien.php')
 3 SYSTEMPATH\View\View.php(237): CodeIgniter\View\View->CodeIgniter\View\{closure}()
 4 SYSTEMPATH\Common.php(1171): CodeIgniter\View\View->render('pasien', [], true)
 5 APPPATH\Controllers\PasienController.php(20): view('pasien', [...])
 6 SYSTEMPATH\CodeIgniter.php(933): App\Controllers\PasienController->index()
 7 SYSTEMPATH\CodeIgniter.php(509): CodeIgniter\CodeIgniter->runController(Object(App\Controllers\PasienController))
 8 SYSTEMPATH\CodeIgniter.php(355): CodeIgniter\CodeIgniter->handleRequest(null, Object(Config\Cache), false)
 9 SYSTEMPATH\Boot.php(325): CodeIgniter\CodeIgniter->run()
10 SYSTEMPATH\Boot.php(67): CodeIgniter\Boot::runCodeIgniter(Object(CodeIgniter\CodeIgniter))
11 FCPATH\index.php(56): CodeIgniter\Boot::bootWeb(Object(Config\Paths))
12 SYSTEMPATH\rewrite.php(44): require_once('C:\\Users\\faris dzulfiqar\\Documents\\codeigniter4-framework-2849e7f\\public\\index.php')
INFO - 2024-11-14 13:14:25 --> Session: Class initialized using 'CodeIgniter\Session\Handlers\FileHandler' driver.
CRITICAL - 2024-11-14 13:14:25 --> ErrorException: Undefined variable $mysqli
[Method: GET, Route: pasien]
in APPPATH\Views\pasien.php on line 117.
 1 APPPATH\Views\pasien.php(117): CodeIgniter\Debug\Exceptions->errorHandler(2, 'Undefined variable $mysqli', 'C:\\Users\\faris dzulfiqar\\Documents\\codeigniter4-framework-2849e7f\\app\\Views\\pasien.php', 117)
 2 SYSTEMPATH\View\View.php(234): include('C:\\Users\\faris dzulfiqar\\Documents\\codeigniter4-framework-2849e7f\\app\\Views\\pasien.php')
 3 SYSTEMPATH\View\View.php(237): CodeIgniter\View\View->CodeIgniter\View\{closure}()
 4 SYSTEMPATH\Common.php(1171): CodeIgniter\View\View->render('pasien', [], true)
 5 APPPATH\Controllers\PasienController.php(20): view('pasien', [...])
 6 SYSTEMPATH\CodeIgniter.php(933): App\Controllers\PasienController->index()
 7 SYSTEMPATH\CodeIgniter.php(509): CodeIgniter\CodeIgniter->runController(Object(App\Controllers\PasienController))
 8 SYSTEMPATH\CodeIgniter.php(355): CodeIgniter\CodeIgniter->handleRequest(null, Object(Config\Cache), false)
 9 SYSTEMPATH\Boot.php(325): CodeIgniter\CodeIgniter->run()
10 SYSTEMPATH\Boot.php(67): CodeIgniter\Boot::runCodeIgniter(Object(CodeIgniter\CodeIgniter))
11 FCPATH\index.php(56): CodeIgniter\Boot::bootWeb(Object(Config\Paths))
12 SYSTEMPATH\rewrite.php(44): require_once('C:\\Users\\faris dzulfiqar\\Documents\\codeigniter4-framework-2849e7f\\public\\index.php')
INFO - 2024-11-14 13:14:27 --> Session: Class initialized using 'CodeIgniter\Session\Handlers\FileHandler' driver.
CRITICAL - 2024-11-14 13:14:27 --> ErrorException: Undefined variable $mysqli
[Method: GET, Route: pasien]
in APPPATH\Views\pasien.php on line 117.
 1 APPPATH\Views\pasien.php(117): CodeIgniter\Debug\Exceptions->errorHandler(2, 'Undefined variable $mysqli', 'C:\\Users\\faris dzulfiqar\\Documents\\codeigniter4-framework-2849e7f\\app\\Views\\pasien.php', 117)
 2 SYSTEMPATH\View\View.php(234): include('C:\\Users\\faris dzulfiqar\\Documents\\codeigniter4-framework-2849e7f\\app\\Views\\pasien.php')
 3 SYSTEMPATH\View\View.php(237): CodeIgniter\View\View->CodeIgniter\View\{closure}()
 4 SYSTEMPATH\Common.php(1171): CodeIgniter\View\View->render('pasien', [], true)
 5 APPPATH\Controllers\PasienController.php(20): view('pasien', [...])
 6 SYSTEMPATH\CodeIgniter.php(933): App\Controllers\PasienController->index()
 7 SYSTEMPATH\CodeIgniter.php(509): CodeIgniter\CodeIgniter->runController(Object(App\Controllers\PasienController))
 8 SYSTEMPATH\CodeIgniter.php(355): CodeIgniter\CodeIgniter->handleRequest(null, Object(Config\Cache), false)
 9 SYSTEMPATH\Boot.php(325): CodeIgniter\CodeIgniter->run()
10 SYSTEMPATH\Boot.php(67): CodeIgniter\Boot::runCodeIgniter(Object(CodeIgniter\CodeIgniter))
11 FCPATH\index.php(56): CodeIgniter\Boot::bootWeb(Object(Config\Paths))
12 SYSTEMPATH\rewrite.php(44): require_once('C:\\Users\\faris dzulfiqar\\Documents\\codeigniter4-framework-2849e7f\\public\\index.php')
INFO - 2024-11-14 13:14:31 --> Session: Class initialized using 'CodeIgniter\Session\Handlers\FileHandler' driver.
CRITICAL - 2024-11-14 13:14:31 --> ErrorException: Undefined variable $mysqli
[Method: GET, Route: pasien]
in APPPATH\Views\pasien.php on line 117.
 1 APPPATH\Views\pasien.php(117): CodeIgniter\Debug\Exceptions->errorHandler(2, 'Undefined variable $mysqli', 'C:\\Users\\faris dzulfiqar\\Documents\\codeigniter4-framework-2849e7f\\app\\Views\\pasien.php', 117)
 2 SYSTEMPATH\View\View.php(234): include('C:\\Users\\faris dzulfiqar\\Documents\\codeigniter4-framework-2849e7f\\app\\Views\\pasien.php')
 3 SYSTEMPATH\View\View.php(237): CodeIgniter\View\View->CodeIgniter\View\{closure}()
 4 SYSTEMPATH\Common.php(1171): CodeIgniter\View\View->render('pasien', [], true)
 5 APPPATH\Controllers\PasienController.php(20): view('pasien', [...])
 6 SYSTEMPATH\CodeIgniter.php(933): App\Controllers\PasienController->index()
 7 SYSTEMPATH\CodeIgniter.php(509): CodeIgniter\CodeIgniter->runController(Object(App\Controllers\PasienController))
 8 SYSTEMPATH\CodeIgniter.php(355): CodeIgniter\CodeIgniter->handleRequest(null, Object(Config\Cache), false)
 9 SYSTEMPATH\Boot.php(325): CodeIgniter\CodeIgniter->run()
10 SYSTEMPATH\Boot.php(67): CodeIgniter\Boot::runCodeIgniter(Object(CodeIgniter\CodeIgniter))
11 FCPATH\index.php(56): CodeIgniter\Boot::bootWeb(Object(Config\Paths))
12 SYSTEMPATH\rewrite.php(44): require_once('C:\\Users\\faris dzulfiqar\\Documents\\codeigniter4-framework-2849e7f\\public\\index.php')
INFO - 2024-11-14 13:14:46 --> Session: Class initialized using 'CodeIgniter\Session\Handlers\FileHandler' driver.
CRITICAL - 2024-11-14 13:14:46 --> ErrorException: Undefined variable $result
[Method: GET, Route: pasien]
in APPPATH\Views\pasien.php on line 119.
 1 APPPATH\Views\pasien.php(119): CodeIgniter\Debug\Exceptions->errorHandler(2, 'Undefined variable $result', 'C:\\Users\\faris dzulfiqar\\Documents\\codeigniter4-framework-2849e7f\\app\\Views\\pasien.php', 119)
 2 SYSTEMPATH\View\View.php(234): include('C:\\Users\\faris dzulfiqar\\Documents\\codeigniter4-framework-2849e7f\\app\\Views\\pasien.php')
 3 SYSTEMPATH\View\View.php(237): CodeIgniter\View\View->CodeIgniter\View\{closure}()
 4 SYSTEMPATH\Common.php(1171): CodeIgniter\View\View->render('pasien', [], true)
 5 APPPATH\Controllers\PasienController.php(20): view('pasien', [...])
 6 SYSTEMPATH\CodeIgniter.php(933): App\Controllers\PasienController->index()
 7 SYSTEMPATH\CodeIgniter.php(509): CodeIgniter\CodeIgniter->runController(Object(App\Controllers\PasienController))
 8 SYSTEMPATH\CodeIgniter.php(355): CodeIgniter\CodeIgniter->handleRequest(null, Object(Config\Cache), false)
 9 SYSTEMPATH\Boot.php(325): CodeIgniter\CodeIgniter->run()
10 SYSTEMPATH\Boot.php(67): CodeIgniter\Boot::runCodeIgniter(Object(CodeIgniter\CodeIgniter))
11 FCPATH\index.php(56): CodeIgniter\Boot::bootWeb(Object(Config\Paths))
12 SYSTEMPATH\rewrite.php(44): require_once('C:\\Users\\faris dzulfiqar\\Documents\\codeigniter4-framework-2849e7f\\public\\index.php')
CRITICAL - 2024-11-14 13:16:36 --> Error: Class "App\Controllers\PasienModel" not found
[Method: GET, Route: periksa]
in APPPATH\Controllers\PeriksaController.php on line 13.
 1 SYSTEMPATH\CodeIgniter.php(933): App\Controllers\PeriksaController->index()
 2 SYSTEMPATH\CodeIgniter.php(509): CodeIgniter\CodeIgniter->runController(Object(App\Controllers\PeriksaController))
 3 SYSTEMPATH\CodeIgniter.php(355): CodeIgniter\CodeIgniter->handleRequest(null, Object(Config\Cache), false)
 4 SYSTEMPATH\Boot.php(325): CodeIgniter\CodeIgniter->run()
 5 SYSTEMPATH\Boot.php(67): CodeIgniter\Boot::runCodeIgniter(Object(CodeIgniter\CodeIgniter))
 6 FCPATH\index.php(56): CodeIgniter\Boot::bootWeb(Object(Config\Paths))
 7 SYSTEMPATH\rewrite.php(44): require_once('C:\\Users\\faris dzulfiqar\\Documents\\codeigniter4-framework-2849e7f\\public\\index.php')
INFO - 2024-11-14 13:27:39 --> Session: Class initialized using 'CodeIgniter\Session\Handlers\FileHandler' driver.
CRITICAL - 2024-11-14 13:27:39 --> ErrorException: Undefined variable $mysqli
[Method: GET, Route: pasien]
in APPPATH\Views\pasien.php on line 117.
 1 APPPATH\Views\pasien.php(117): CodeIgniter\Debug\Exceptions->errorHandler(2, 'Undefined variable $mysqli', 'C:\\Users\\faris dzulfiqar\\Documents\\codeigniter4-framework-2849e7f\\app\\Views\\pasien.php', 117)
 2 SYSTEMPATH\View\View.php(234): include('C:\\Users\\faris dzulfiqar\\Documents\\codeigniter4-framework-2849e7f\\app\\Views\\pasien.php')
 3 SYSTEMPATH\View\View.php(237): CodeIgniter\View\View->CodeIgniter\View\{closure}()
 4 SYSTEMPATH\Common.php(1171): CodeIgniter\View\View->render('pasien', [], true)
 5 APPPATH\Controllers\PasienController.php(20): view('pasien', [...])
 6 SYSTEMPATH\CodeIgniter.php(933): App\Controllers\PasienController->index()
 7 SYSTEMPATH\CodeIgniter.php(509): CodeIgniter\CodeIgniter->runController(Object(App\Controllers\PasienController))
 8 SYSTEMPATH\CodeIgniter.php(355): CodeIgniter\CodeIgniter->handleRequest(null, Object(Config\Cache), false)
 9 SYSTEMPATH\Boot.php(325): CodeIgniter\CodeIgniter->run()
10 SYSTEMPATH\Boot.php(67): CodeIgniter\Boot::runCodeIgniter(Object(CodeIgniter\CodeIgniter))
11 FCPATH\index.php(56): CodeIgniter\Boot::bootWeb(Object(Config\Paths))
12 SYSTEMPATH\rewrite.php(44): require_once('C:\\Users\\faris dzulfiqar\\Documents\\codeigniter4-framework-2849e7f\\public\\index.php')
INFO - 2024-11-14 13:34:57 --> Session: Class initialized using 'CodeIgniter\Session\Handlers\FileHandler' driver.
CRITICAL - 2024-11-14 13:34:57 --> ErrorException: Undefined variable $mysqli_query
[Method: GET, Route: pasien]
in APPPATH\Views\pasien.php on line 117.
 1 APPPATH\Views\pasien.php(117): CodeIgniter\Debug\Exceptions->errorHandler(2, 'Undefined variable $mysqli_query', 'C:\\Users\\faris dzulfiqar\\Documents\\codeigniter4-framework-2849e7f\\app\\Views\\pasien.php', 117)
 2 SYSTEMPATH\View\View.php(234): include('C:\\Users\\faris dzulfiqar\\Documents\\codeigniter4-framework-2849e7f\\app\\Views\\pasien.php')
 3 SYSTEMPATH\View\View.php(237): CodeIgniter\View\View->CodeIgniter\View\{closure}()
 4 SYSTEMPATH\Common.php(1171): CodeIgniter\View\View->render('pasien', [], true)
 5 APPPATH\Controllers\PasienController.php(20): view('pasien', [...])
 6 SYSTEMPATH\CodeIgniter.php(933): App\Controllers\PasienController->index()
 7 SYSTEMPATH\CodeIgniter.php(509): CodeIgniter\CodeIgniter->runController(Object(App\Controllers\PasienController))
 8 SYSTEMPATH\CodeIgniter.php(355): CodeIgniter\CodeIgniter->handleRequest(null, Object(Config\Cache), false)
 9 SYSTEMPATH\Boot.php(325): CodeIgniter\CodeIgniter->run()
10 SYSTEMPATH\Boot.php(67): CodeIgniter\Boot::runCodeIgniter(Object(CodeIgniter\CodeIgniter))
11 FCPATH\index.php(56): CodeIgniter\Boot::bootWeb(Object(Config\Paths))
12 SYSTEMPATH\rewrite.php(44): require_once('C:\\Users\\faris dzulfiqar\\Documents\\codeigniter4-framework-2849e7f\\public\\index.php')
INFO - 2024-11-14 13:37:19 --> Session: Class initialized using 'CodeIgniter\Session\Handlers\FileHandler' driver.
CRITICAL - 2024-11-14 13:37:19 --> ErrorException: Undefined variable $mysqli
[Method: GET, Route: pasien]
in APPPATH\Views\pasien.php on line 117.
 1 APPPATH\Views\pasien.php(117): CodeIgniter\Debug\Exceptions->errorHandler(2, 'Undefined variable $mysqli', 'C:\\Users\\faris dzulfiqar\\Documents\\codeigniter4-framework-2849e7f\\app\\Views\\pasien.php', 117)
 2 SYSTEMPATH\View\View.php(234): include('C:\\Users\\faris dzulfiqar\\Documents\\codeigniter4-framework-2849e7f\\app\\Views\\pasien.php')
 3 SYSTEMPATH\View\View.php(237): CodeIgniter\View\View->CodeIgniter\View\{closure}()
 4 SYSTEMPATH\Common.php(1171): CodeIgniter\View\View->render('pasien', [], true)
 5 APPPATH\Controllers\PasienController.php(20): view('pasien', [...])
 6 SYSTEMPATH\CodeIgniter.php(933): App\Controllers\PasienController->index()
 7 SYSTEMPATH\CodeIgniter.php(509): CodeIgniter\CodeIgniter->runController(Object(App\Controllers\PasienController))
 8 SYSTEMPATH\CodeIgniter.php(355): CodeIgniter\CodeIgniter->handleRequest(null, Object(Config\Cache), false)
 9 SYSTEMPATH\Boot.php(325): CodeIgniter\CodeIgniter->run()
10 SYSTEMPATH\Boot.php(67): CodeIgniter\Boot::runCodeIgniter(Object(CodeIgniter\CodeIgniter))
11 FCPATH\index.php(56): CodeIgniter\Boot::bootWeb(Object(Config\Paths))
12 SYSTEMPATH\rewrite.php(44): require_once('C:\\Users\\faris dzulfiqar\\Documents\\codeigniter4-framework-2849e7f\\public\\index.php')
INFO - 2024-11-14 13:40:20 --> Session: Class initialized using 'CodeIgniter\Session\Handlers\FileHandler' driver.
CRITICAL - 2024-11-14 13:40:20 --> ErrorException: Undefined variable $mysqli
[Method: GET, Route: pasien]
in APPPATH\Views\pasien.php on line 117.
 1 APPPATH\Views\pasien.php(117): CodeIgniter\Debug\Exceptions->errorHandler(2, 'Undefined variable $mysqli', 'C:\\Users\\faris dzulfiqar\\Documents\\codeigniter4-framework-2849e7f\\app\\Views\\pasien.php', 117)
 2 SYSTEMPATH\View\View.php(234): include('C:\\Users\\faris dzulfiqar\\Documents\\codeigniter4-framework-2849e7f\\app\\Views\\pasien.php')
 3 SYSTEMPATH\View\View.php(237): CodeIgniter\View\View->CodeIgniter\View\{closure}()
 4 SYSTEMPATH\Common.php(1171): CodeIgniter\View\View->render('pasien', [], true)
 5 APPPATH\Controllers\PasienController.php(20): view('pasien', [...])
 6 SYSTEMPATH\CodeIgniter.php(933): App\Controllers\PasienController->index()
 7 SYSTEMPATH\CodeIgniter.php(509): CodeIgniter\CodeIgniter->runController(Object(App\Controllers\PasienController))
 8 SYSTEMPATH\CodeIgniter.php(355): CodeIgniter\CodeIgniter->handleRequest(null, Object(Config\Cache), false)
 9 SYSTEMPATH\Boot.php(325): CodeIgniter\CodeIgniter->run()
10 SYSTEMPATH\Boot.php(67): CodeIgniter\Boot::runCodeIgniter(Object(CodeIgniter\CodeIgniter))
11 FCPATH\index.php(56): CodeIgniter\Boot::bootWeb(Object(Config\Paths))
12 SYSTEMPATH\rewrite.php(44): require_once('C:\\Users\\faris dzulfiqar\\Documents\\codeigniter4-framework-2849e7f\\public\\index.php')
INFO - 2024-11-14 13:41:36 --> Session: Class initialized using 'CodeIgniter\Session\Handlers\FileHandler' driver.
CRITICAL - 2024-11-14 13:41:36 --> ErrorException: Undefined variable $mysqli
[Method: GET, Route: pasien]
in APPPATH\Views\pasien.php on line 117.
 1 APPPATH\Views\pasien.php(117): CodeIgniter\Debug\Exceptions->errorHandler(2, 'Undefined variable $mysqli', 'C:\\Users\\faris dzulfiqar\\Documents\\codeigniter4-framework-2849e7f\\app\\Views\\pasien.php', 117)
 2 SYSTEMPATH\View\View.php(234): include('C:\\Users\\faris dzulfiqar\\Documents\\codeigniter4-framework-2849e7f\\app\\Views\\pasien.php')
 3 SYSTEMPATH\View\View.php(237): CodeIgniter\View\View->CodeIgniter\View\{closure}()
 4 SYSTEMPATH\Common.php(1171): CodeIgniter\View\View->render('pasien', [], true)
 5 APPPATH\Controllers\PasienController.php(20): view('pasien', [...])
 6 SYSTEMPATH\CodeIgniter.php(933): App\Controllers\PasienController->index()
 7 SYSTEMPATH\CodeIgniter.php(509): CodeIgniter\CodeIgniter->runController(Object(App\Controllers\PasienController))
 8 SYSTEMPATH\CodeIgniter.php(355): CodeIgniter\CodeIgniter->handleRequest(null, Object(Config\Cache), false)
 9 SYSTEMPATH\Boot.php(325): CodeIgniter\CodeIgniter->run()
10 SYSTEMPATH\Boot.php(67): CodeIgniter\Boot::runCodeIgniter(Object(CodeIgniter\CodeIgniter))
11 FCPATH\index.php(56): CodeIgniter\Boot::bootWeb(Object(Config\Paths))
12 SYSTEMPATH\rewrite.php(44): require_once('C:\\Users\\faris dzulfiqar\\Documents\\codeigniter4-framework-2849e7f\\public\\index.php')
INFO - 2024-11-14 13:44:21 --> Session: Class initialized using 'CodeIgniter\Session\Handlers\FileHandler' driver.
CRITICAL - 2024-11-14 13:44:21 --> ErrorException: Undefined variable $mysqli
[Method: GET, Route: pasien]
in APPPATH\Views\pasien.php on line 117.
 1 APPPATH\Views\pasien.php(117): CodeIgniter\Debug\Exceptions->errorHandler(2, 'Undefined variable $mysqli', 'C:\\Users\\faris dzulfiqar\\Documents\\codeigniter4-framework-2849e7f\\app\\Views\\pasien.php', 117)
 2 SYSTEMPATH\View\View.php(234): include('C:\\Users\\faris dzulfiqar\\Documents\\codeigniter4-framework-2849e7f\\app\\Views\\pasien.php')
 3 SYSTEMPATH\View\View.php(237): CodeIgniter\View\View->CodeIgniter\View\{closure}()
 4 SYSTEMPATH\Common.php(1171): CodeIgniter\View\View->render('pasien', [], true)
 5 APPPATH\Controllers\PasienController.php(20): view('pasien', [...])
 6 SYSTEMPATH\CodeIgniter.php(933): App\Controllers\PasienController->index()
 7 SYSTEMPATH\CodeIgniter.php(509): CodeIgniter\CodeIgniter->runController(Object(App\Controllers\PasienController))
 8 SYSTEMPATH\CodeIgniter.php(355): CodeIgniter\CodeIgniter->handleRequest(null, Object(Config\Cache), false)
 9 SYSTEMPATH\Boot.php(325): CodeIgniter\CodeIgniter->run()
10 SYSTEMPATH\Boot.php(67): CodeIgniter\Boot::runCodeIgniter(Object(CodeIgniter\CodeIgniter))
11 FCPATH\index.php(56): CodeIgniter\Boot::bootWeb(Object(Config\Paths))
12 SYSTEMPATH\rewrite.php(44): require_once('C:\\Users\\faris dzulfiqar\\Documents\\codeigniter4-framework-2849e7f\\public\\index.php')
INFO - 2024-11-14 13:45:27 --> Session: Class initialized using 'CodeIgniter\Session\Handlers\FileHandler' driver.
CRITICAL - 2024-11-14 13:45:27 --> ErrorException: Undefined variable $mysqli
[Method: GET, Route: pasien]
in APPPATH\Views\pasien.php on line 117.
 1 APPPATH\Views\pasien.php(117): CodeIgniter\Debug\Exceptions->errorHandler(2, 'Undefined variable $mysqli', 'C:\\Users\\faris dzulfiqar\\Documents\\codeigniter4-framework-2849e7f\\app\\Views\\pasien.php', 117)
 2 SYSTEMPATH\View\View.php(234): include('C:\\Users\\faris dzulfiqar\\Documents\\codeigniter4-framework-2849e7f\\app\\Views\\pasien.php')
 3 SYSTEMPATH\View\View.php(237): CodeIgniter\View\View->CodeIgniter\View\{closure}()
 4 SYSTEMPATH\Common.php(1171): CodeIgniter\View\View->render('pasien', [], true)
 5 APPPATH\Controllers\PasienController.php(20): view('pasien', [...])
 6 SYSTEMPATH\CodeIgniter.php(933): App\Controllers\PasienController->index()
 7 SYSTEMPATH\CodeIgniter.php(509): CodeIgniter\CodeIgniter->runController(Object(App\Controllers\PasienController))
 8 SYSTEMPATH\CodeIgniter.php(355): CodeIgniter\CodeIgniter->handleRequest(null, Object(Config\Cache), false)
 9 SYSTEMPATH\Boot.php(325): CodeIgniter\CodeIgniter->run()
10 SYSTEMPATH\Boot.php(67): CodeIgniter\Boot::runCodeIgniter(Object(CodeIgniter\CodeIgniter))
11 FCPATH\index.php(56): CodeIgniter\Boot::bootWeb(Object(Config\Paths))
12 SYSTEMPATH\rewrite.php(44): require_once('C:\\Users\\faris dzulfiqar\\Documents\\codeigniter4-framework-2849e7f\\public\\index.php')
INFO - 2024-11-14 13:46:37 --> Session: Class initialized using 'CodeIgniter\Session\Handlers\FileHandler' driver.
CRITICAL - 2024-11-14 13:46:37 --> ErrorException: Undefined variable $mysqli
[Method: GET, Route: pasien]
in APPPATH\Views\pasien.php on line 117.
 1 APPPATH\Views\pasien.php(117): CodeIgniter\Debug\Exceptions->errorHandler(2, 'Undefined variable $mysqli', 'C:\\Users\\faris dzulfiqar\\Documents\\codeigniter4-framework-2849e7f\\app\\Views\\pasien.php', 117)
 2 SYSTEMPATH\View\View.php(234): include('C:\\Users\\faris dzulfiqar\\Documents\\codeigniter4-framework-2849e7f\\app\\Views\\pasien.php')
 3 SYSTEMPATH\View\View.php(237): CodeIgniter\View\View->CodeIgniter\View\{closure}()
 4 SYSTEMPATH\Common.php(1171): CodeIgniter\View\View->render('pasien', [], true)
 5 APPPATH\Controllers\PasienController.php(20): view('pasien', [...])
 6 SYSTEMPATH\CodeIgniter.php(933): App\Controllers\PasienController->index()
 7 SYSTEMPATH\CodeIgniter.php(509): CodeIgniter\CodeIgniter->runController(Object(App\Controllers\PasienController))
 8 SYSTEMPATH\CodeIgniter.php(355): CodeIgniter\CodeIgniter->handleRequest(null, Object(Config\Cache), false)
 9 SYSTEMPATH\Boot.php(325): CodeIgniter\CodeIgniter->run()
10 SYSTEMPATH\Boot.php(67): CodeIgniter\Boot::runCodeIgniter(Object(CodeIgniter\CodeIgniter))
11 FCPATH\index.php(56): CodeIgniter\Boot::bootWeb(Object(Config\Paths))
12 SYSTEMPATH\rewrite.php(44): require_once('C:\\Users\\faris dzulfiqar\\Documents\\codeigniter4-framework-2849e7f\\public\\index.php')
INFO - 2024-11-14 13:52:49 --> Session: Class initialized using 'CodeIgniter\Session\Handlers\FileHandler' driver.
CRITICAL - 2024-11-14 13:52:49 --> ErrorException: Undefined variable $mysqli
[Method: GET, Route: pasien]
in APPPATH\Views\pasien.php on line 117.
 1 APPPATH\Views\pasien.php(117): CodeIgniter\Debug\Exceptions->errorHandler(2, 'Undefined variable $mysqli', 'C:\\Users\\faris dzulfiqar\\Documents\\codeigniter4-framework-2849e7f\\app\\Views\\pasien.php', 117)
 2 SYSTEMPATH\View\View.php(234): include('C:\\Users\\faris dzulfiqar\\Documents\\codeigniter4-framework-2849e7f\\app\\Views\\pasien.php')
 3 SYSTEMPATH\View\View.php(237): CodeIgniter\View\View->CodeIgniter\View\{closure}()
 4 SYSTEMPATH\Common.php(1171): CodeIgniter\View\View->render('pasien', [], true)
 5 APPPATH\Controllers\PasienController.php(20): view('pasien', [...])
 6 SYSTEMPATH\CodeIgniter.php(933): App\Controllers\PasienController->index()
 7 SYSTEMPATH\CodeIgniter.php(509): CodeIgniter\CodeIgniter->runController(Object(App\Controllers\PasienController))
 8 SYSTEMPATH\CodeIgniter.php(355): CodeIgniter\CodeIgniter->handleRequest(null, Object(Config\Cache), false)
 9 SYSTEMPATH\Boot.php(325): CodeIgniter\CodeIgniter->run()
10 SYSTEMPATH\Boot.php(67): CodeIgniter\Boot::runCodeIgniter(Object(CodeIgniter\CodeIgniter))
11 FCPATH\index.php(56): CodeIgniter\Boot::bootWeb(Object(Config\Paths))
12 SYSTEMPATH\rewrite.php(44): require_once('C:\\Users\\faris dzulfiqar\\Documents\\codeigniter4-framework-2849e7f\\public\\index.php')
INFO - 2024-11-14 13:53:23 --> Session: Class initialized using 'CodeIgniter\Session\Handlers\FileHandler' driver.
CRITICAL - 2024-11-14 13:53:23 --> ErrorException: Undefined variable $mysqli
[Method: GET, Route: pasien]
in APPPATH\Views\pasien.php on line 126.
 1 APPPATH\Views\pasien.php(126): CodeIgniter\Debug\Exceptions->errorHandler(2, 'Undefined variable $mysqli', 'C:\\Users\\faris dzulfiqar\\Documents\\codeigniter4-framework-2849e7f\\app\\Views\\pasien.php', 126)
 2 SYSTEMPATH\View\View.php(234): include('C:\\Users\\faris dzulfiqar\\Documents\\codeigniter4-framework-2849e7f\\app\\Views\\pasien.php')
 3 SYSTEMPATH\View\View.php(237): CodeIgniter\View\View->CodeIgniter\View\{closure}()
 4 SYSTEMPATH\Common.php(1171): CodeIgniter\View\View->render('pasien', [], true)
 5 APPPATH\Controllers\PasienController.php(20): view('pasien', [...])
 6 SYSTEMPATH\CodeIgniter.php(933): App\Controllers\PasienController->index()
 7 SYSTEMPATH\CodeIgniter.php(509): CodeIgniter\CodeIgniter->runController(Object(App\Controllers\PasienController))
 8 SYSTEMPATH\CodeIgniter.php(355): CodeIgniter\CodeIgniter->handleRequest(null, Object(Config\Cache), false)
 9 SYSTEMPATH\Boot.php(325): CodeIgniter\CodeIgniter->run()
10 SYSTEMPATH\Boot.php(67): CodeIgniter\Boot::runCodeIgniter(Object(CodeIgniter\CodeIgniter))
11 FCPATH\index.php(56): CodeIgniter\Boot::bootWeb(Object(Config\Paths))
12 SYSTEMPATH\rewrite.php(44): require_once('C:\\Users\\faris dzulfiqar\\Documents\\codeigniter4-framework-2849e7f\\public\\index.php')
INFO - 2024-11-14 14:02:00 --> Session: Class initialized using 'CodeIgniter\Session\Handlers\FileHandler' driver.
CRITICAL - 2024-11-14 14:02:00 --> ErrorException: Undefined variable $mysqli
[Method: GET, Route: pasien]
in APPPATH\Views\pasien.php on line 117.
 1 APPPATH\Views\pasien.php(117): CodeIgniter\Debug\Exceptions->errorHandler(2, 'Undefined variable $mysqli', 'C:\\Users\\faris dzulfiqar\\Documents\\codeigniter4-framework-2849e7f\\app\\Views\\pasien.php', 117)
 2 SYSTEMPATH\View\View.php(234): include('C:\\Users\\faris dzulfiqar\\Documents\\codeigniter4-framework-2849e7f\\app\\Views\\pasien.php')
 3 SYSTEMPATH\View\View.php(237): CodeIgniter\View\View->CodeIgniter\View\{closure}()
 4 SYSTEMPATH\Common.php(1171): CodeIgniter\View\View->render('pasien', [], true)
 5 APPPATH\Controllers\PasienController.php(20): view('pasien', [...])
 6 SYSTEMPATH\CodeIgniter.php(933): App\Controllers\PasienController->index()
 7 SYSTEMPATH\CodeIgniter.php(509): CodeIgniter\CodeIgniter->runController(Object(App\Controllers\PasienController))
 8 SYSTEMPATH\CodeIgniter.php(355): CodeIgniter\CodeIgniter->handleRequest(null, Object(Config\Cache), false)
 9 SYSTEMPATH\Boot.php(325): CodeIgniter\CodeIgniter->run()
10 SYSTEMPATH\Boot.php(67): CodeIgniter\Boot::runCodeIgniter(Object(CodeIgniter\CodeIgniter))
11 FCPATH\index.php(56): CodeIgniter\Boot::bootWeb(Object(Config\Paths))
12 SYSTEMPATH\rewrite.php(44): require_once('C:\\Users\\faris dzulfiqar\\Documents\\codeigniter4-framework-2849e7f\\public\\index.php')
INFO - 2024-11-14 14:02:07 --> Session: Class initialized using 'CodeIgniter\Session\Handlers\FileHandler' driver.
CRITICAL - 2024-11-14 14:02:07 --> ErrorException: Undefined variable $mysqli
[Method: GET, Route: pasien]
in APPPATH\Views\pasien.php on line 117.
 1 APPPATH\Views\pasien.php(117): CodeIgniter\Debug\Exceptions->errorHandler(2, 'Undefined variable $mysqli', 'C:\\Users\\faris dzulfiqar\\Documents\\codeigniter4-framework-2849e7f\\app\\Views\\pasien.php', 117)
 2 SYSTEMPATH\View\View.php(234): include('C:\\Users\\faris dzulfiqar\\Documents\\codeigniter4-framework-2849e7f\\app\\Views\\pasien.php')
 3 SYSTEMPATH\View\View.php(237): CodeIgniter\View\View->CodeIgniter\View\{closure}()
 4 SYSTEMPATH\Common.php(1171): CodeIgniter\View\View->render('pasien', [], true)
 5 APPPATH\Controllers\PasienController.php(20): view('pasien', [...])
 6 SYSTEMPATH\CodeIgniter.php(933): App\Controllers\PasienController->index()
 7 SYSTEMPATH\CodeIgniter.php(509): CodeIgniter\CodeIgniter->runController(Object(App\Controllers\PasienController))
 8 SYSTEMPATH\CodeIgniter.php(355): CodeIgniter\CodeIgniter->handleRequest(null, Object(Config\Cache), false)
 9 SYSTEMPATH\Boot.php(325): CodeIgniter\CodeIgniter->run()
10 SYSTEMPATH\Boot.php(67): CodeIgniter\Boot::runCodeIgniter(Object(CodeIgniter\CodeIgniter))
11 FCPATH\index.php(56): CodeIgniter\Boot::bootWeb(Object(Config\Paths))
12 SYSTEMPATH\rewrite.php(44): require_once('C:\\Users\\faris dzulfiqar\\Documents\\codeigniter4-framework-2849e7f\\public\\index.php')
INFO - 2024-11-14 14:03:35 --> Session: Class initialized using 'CodeIgniter\Session\Handlers\FileHandler' driver.
INFO - 2024-11-14 14:04:22 --> Session: Class initialized using 'CodeIgniter\Session\Handlers\FileHandler' driver.
CRITICAL - 2024-11-14 14:04:26 --> ErrorException: Undefined variable $mysqli
[Method: GET, Route: periksa]
in APPPATH\Views\periksa.php on line 52.
 1 APPPATH\Views\periksa.php(52): CodeIgniter\Debug\Exceptions->errorHandler(2, 'Undefined variable $mysqli', 'C:\\Users\\faris dzulfiqar\\Documents\\codeigniter4-framework-2849e7f\\app\\Views\\periksa.php', 52)
 2 SYSTEMPATH\View\View.php(234): include('C:\\Users\\faris dzulfiqar\\Documents\\codeigniter4-framework-2849e7f\\app\\Views\\periksa.php')
 3 SYSTEMPATH\View\View.php(237): CodeIgniter\View\View->CodeIgniter\View\{closure}()
 4 SYSTEMPATH\Common.php(1171): CodeIgniter\View\View->render('periksa', [], true)
 5 APPPATH\Controllers\PeriksaController.php(19): view('periksa', [...])
 6 SYSTEMPATH\CodeIgniter.php(933): App\Controllers\PeriksaController->index()
 7 SYSTEMPATH\CodeIgniter.php(509): CodeIgniter\CodeIgniter->runController(Object(App\Controllers\PeriksaController))
 8 SYSTEMPATH\CodeIgniter.php(355): CodeIgniter\CodeIgniter->handleRequest(null, Object(Config\Cache), false)
 9 SYSTEMPATH\Boot.php(325): CodeIgniter\CodeIgniter->run()
10 SYSTEMPATH\Boot.php(67): CodeIgniter\Boot::runCodeIgniter(Object(CodeIgniter\CodeIgniter))
11 FCPATH\index.php(56): CodeIgniter\Boot::bootWeb(Object(Config\Paths))
12 SYSTEMPATH\rewrite.php(44): require_once('C:\\Users\\faris dzulfiqar\\Documents\\codeigniter4-framework-2849e7f\\public\\index.php')
CRITICAL - 2024-11-14 14:44:47 --> ErrorException: Undefined variable $mysqli
[Method: GET, Route: periksa]
in APPPATH\Views\periksa.php on line 52.
 1 APPPATH\Views\periksa.php(52): CodeIgniter\Debug\Exceptions->errorHandler(2, 'Undefined variable $mysqli', 'C:\\Users\\faris dzulfiqar\\Documents\\codeigniter4-framework-2849e7f\\app\\Views\\periksa.php', 52)
 2 SYSTEMPATH\View\View.php(234): include('C:\\Users\\faris dzulfiqar\\Documents\\codeigniter4-framework-2849e7f\\app\\Views\\periksa.php')
 3 SYSTEMPATH\View\View.php(237): CodeIgniter\View\View->CodeIgniter\View\{closure}()
 4 SYSTEMPATH\Common.php(1171): CodeIgniter\View\View->render('periksa', [], true)
 5 APPPATH\Controllers\PeriksaController.php(19): view('periksa', [...])
 6 SYSTEMPATH\CodeIgniter.php(933): App\Controllers\PeriksaController->index()
 7 SYSTEMPATH\CodeIgniter.php(509): CodeIgniter\CodeIgniter->runController(Object(App\Controllers\PeriksaController))
 8 SYSTEMPATH\CodeIgniter.php(355): CodeIgniter\CodeIgniter->handleRequest(null, Object(Config\Cache), false)
 9 SYSTEMPATH\Boot.php(325): CodeIgniter\CodeIgniter->run()
10 SYSTEMPATH\Boot.php(67): CodeIgniter\Boot::runCodeIgniter(Object(CodeIgniter\CodeIgniter))
11 FCPATH\index.php(56): CodeIgniter\Boot::bootWeb(Object(Config\Paths))
12 SYSTEMPATH\rewrite.php(44): require_once('C:\\Users\\faris dzulfiqar\\Documents\\codeigniter4-framework-2849e7f\\public\\index.php')
